This file contains any messages produced by compilers while
running configure, to aid debugging if configure makes a mistake.

It was created by bfd configure 2.25, which was
generated by GNU Autoconf 2.64.  Invocation command line was

  $ /home/M/binutils-2.25/bfd/configure --cache-file=./config.cache --with-gnu-as --with-gnu-ld --with-system-zlib --prefix=/home/M/opt/cross --with-sysroot --disable-nls --disable-werror --program-transform-name=s&^&i686-elf-& --disable-option-checking --build=i686-pc-cygwin --host=i686-pc-cygwin --target=i686-elf --srcdir=../../../../binutils-2.25/bfd

## --------- ##
## Platform. ##
## --------- ##

hostname = ofosu-family
uname -m = i686
uname -r = 2.2.0(0.289/5/3)
uname -s = CYGWIN_NT-6.2-WOW
uname -v = 2015-08-03 12:49

/usr/bin/uname -p = unknown
/bin/uname -X     = unknown

/bin/arch              = i686
/usr/bin/arch -k       = unknown
/usr/convex/getsysinfo = unknown
/usr/bin/hostinfo      = unknown
/bin/machine           = unknown
/usr/bin/oslevel       = unknown
/bin/universe          = unknown

PATH: /home/M/opt/cross/bin
PATH: /usr/local/bin
PATH: /usr/bin
PATH: /cygdrive/c/ProgramData/Oracle/Java/javapath
PATH: /cygdrive/c/Program Files (x86)/AMD APP/bin/x86_64
PATH: /cygdrive/c/Program Files (x86)/AMD APP/bin/x86
PATH: /cygdrive/c/Windows/system32
PATH: /cygdrive/c/Windows
PATH: /cygdrive/c/Windows/System32/Wbem
PATH: /cygdrive/c/Windows/System32/WindowsPowerShell/v1.0
PATH: /cygdrive/c/Program Files (x86)/Windows Live/Shared
PATH: /cygdrive/c/Program Files (x86)/ATI Technologies/ATI.ACE/Core-Static
PATH: /cygdrive/c/Program Files/Microsoft SQL Server/110/Tools/Binn
PATH: /cygdrive/c/Program Files (x86)/Microsoft SQL Server/100/Tools/Binn
PATH: /cygdrive/c/Program Files/Microsoft SQL Server/100/Tools/Binn
PATH: /cygdrive/c/Program Files/Microsoft SQL Server/100/DTS/Binn
PATH: /cygdrive/c/Users/M/Desktop/BIN
PATH: /cygdrive/c/Program Files (x86)/Skype/Phone
PATH: /cygdrive/c/Program Files (x86)/IVI Foundation/VISA/WinNT/Bin
PATH: /cygdrive/c/Program Files/Java/jdk1.8.0_20/bin


## ----------- ##
## Core tests. ##
## ----------- ##

configure:2460: creating cache ./config.cache
configure:2565: checking build system type
configure:2579: result: i686-pc-cygwin
configure:2599: checking host system type
configure:2612: result: i686-pc-cygwin
configure:2632: checking target system type
configure:2645: result: i686-pc-elf
configure:2679: checking for i686-pc-cygwin-gcc
configure:2706: result: gcc
configure:2975: checking for C compiler version
configure:2984: gcc --version >&5
gcc (GCC) 4.9.3
Copyright (C) 2015 Free Software Foundation, Inc.
This is free software; see the source for copying conditions.  There is NO
warranty; not even for MERCHANTABILITY or FITNESS FOR A PARTICULAR PURPOSE.

configure:2995: $? = 0
configure:2984: gcc -v >&5
Using built-in specs.
COLLECT_GCC=gcc
COLLECT_LTO_WRAPPER=/usr/lib/gcc/i686-pc-cygwin/4.9.3/lto-wrapper.exe
Target: i686-pc-cygwin
Configured with: /cygdrive/i/szsz/tmpp/gcc/gcc-4.9.3-1.i686/src/gcc-4.9.3/configure --srcdir=/cygdrive/i/szsz/tmpp/gcc/gcc-4.9.3-1.i686/src/gcc-4.9.3 --prefix=/usr --exec-prefix=/usr --localstatedir=/var --sysconfdir=/etc --docdir=/usr/share/doc/gcc --htmldir=/usr/share/doc/gcc/html -C --build=i686-pc-cygwin --host=i686-pc-cygwin --target=i686-pc-cygwin --without-libiconv-prefix --without-libintl-prefix --libexecdir=/usr/lib --enable-shared --enable-shared-libgcc --enable-static --enable-version-specific-runtime-libs --enable-bootstrap --enable-__cxa_atexit --with-dwarf2 --with-arch=i686 --with-tune=generic --disable-sjlj-exceptions --enable-languages=ada,c,c++,fortran,java,lto,objc,obj-c++ --enable-graphite --enable-threads=posix --enable-libatomic --enable-libgomp --disable-libitm --enable-libquadmath --enable-libquadmath-support --enable-libssp --enable-libada --enable-libjava --enable-libgcj-sublibs --disable-java-awt --disable-symvers --with-ecj-jar=/usr/share/java/ecj.jar --with-gnu-ld --with-gnu-as --with-cloog-include=/usr/include/cloog-isl --without-libiconv-prefix --without-libintl-prefix --with-system-zlib --enable-linker-build-id
Thread model: posix
gcc version 4.9.3 (GCC) 
configure:2995: $? = 0
configure:2984: gcc -V >&5
gcc: error: unrecognized command line option '-V'
gcc: fatal error: no input files
compilation terminated.
configure:2995: $? = 1
configure:2984: gcc -qversion >&5
gcc: error: unrecognized command line option '-qversion'
gcc: fatal error: no input files
compilation terminated.
configure:2995: $? = 1
configure:3015: checking for C compiler default output file name
configure:3037: gcc -g -O2  -static-libstdc++ -static-libgcc -Wl,--stack,12582912 conftest.c  >&5
configure:3041: $? = 0
configure:3078: result: a.exe
configure:3094: checking whether the C compiler works
configure:3103: ./a.exe
configure:3107: $? = 0
configure:3122: result: yes
configure:3129: checking whether we are cross compiling
configure:3131: result: no
configure:3134: checking for suffix of executables
configure:3141: gcc -o conftest.exe -g -O2  -static-libstdc++ -static-libgcc -Wl,--stack,12582912 conftest.c  >&5
configure:3145: $? = 0
configure:3167: result: .exe
configure:3173: checking for suffix of object files
configure:3195: gcc -c -g -O2  conftest.c >&5
configure:3199: $? = 0
configure:3220: result: o
configure:3224: checking whether we are using the GNU C compiler
configure:3243: gcc -c -g -O2  conftest.c >&5
configure:3243: $? = 0
configure:3252: result: yes
configure:3261: checking whether gcc accepts -g
configure:3281: gcc -c -g  conftest.c >&5
configure:3281: $? = 0
configure:3322: result: yes
configure:3339: checking for gcc option to accept ISO C89
configure:3403: gcc  -c -g -O2  conftest.c >&5
configure:3403: $? = 0
configure:3416: result: none needed
configure:3437: checking for library containing strerror
configure:3468: gcc -o conftest.exe -g -O2  -static-libstdc++ -static-libgcc -Wl,--stack,12582912 conftest.c  >&5
configure:3468: $? = 0
configure:3485: result: none required
configure:3510: checking for a BSD-compatible install
configure:3578: result: /usr/bin/install -c
configure:3589: checking whether build environment is sane
configure:3639: result: yes
configure:3780: checking for a thread-safe mkdir -p
configure:3819: result: /usr/bin/mkdir -p
configure:3832: checking for gawk
configure:3859: result: gawk
configure:3870: checking whether make sets $(MAKE)
configure:3892: result: yes
configure:3922: checking for style of include used by make
configure:3950: result: GNU
configure:4035: checking dependency style of gcc
configure:4145: result: gcc3
configure:4165: checking for i686-pc-cygwin-ar
configure:4192: result: ar
configure:4257: checking for i686-pc-cygwin-ranlib
configure:4284: result: ranlib
configure:4387: checking for i686-pc-cygwin-gcc
configure:4414: result: gcc
configure:4683: checking for C compiler version
configure:4692: gcc --version >&5
gcc (GCC) 4.9.3
Copyright (C) 2015 Free Software Foundation, Inc.
This is free software; see the source for copying conditions.  There is NO
warranty; not even for MERCHANTABILITY or FITNESS FOR A PARTICULAR PURPOSE.

configure:4703: $? = 0
configure:4692: gcc -v >&5
Using built-in specs.
COLLECT_GCC=gcc
COLLECT_LTO_WRAPPER=/usr/lib/gcc/i686-pc-cygwin/4.9.3/lto-wrapper.exe
Target: i686-pc-cygwin
Configured with: /cygdrive/i/szsz/tmpp/gcc/gcc-4.9.3-1.i686/src/gcc-4.9.3/configure --srcdir=/cygdrive/i/szsz/tmpp/gcc/gcc-4.9.3-1.i686/src/gcc-4.9.3 --prefix=/usr --exec-prefix=/usr --localstatedir=/var --sysconfdir=/etc --docdir=/usr/share/doc/gcc --htmldir=/usr/share/doc/gcc/html -C --build=i686-pc-cygwin --host=i686-pc-cygwin --target=i686-pc-cygwin --without-libiconv-prefix --without-libintl-prefix --libexecdir=/usr/lib --enable-shared --enable-shared-libgcc --enable-static --enable-version-specific-runtime-libs --enable-bootstrap --enable-__cxa_atexit --with-dwarf2 --with-arch=i686 --with-tune=generic --disable-sjlj-exceptions --enable-languages=ada,c,c++,fortran,java,lto,objc,obj-c++ --enable-graphite --enable-threads=posix --enable-libatomic --enable-libgomp --disable-libitm --enable-libquadmath --enable-libquadmath-support --enable-libssp --enable-libada --enable-libjava --enable-libgcj-sublibs --disable-java-awt --disable-symvers --with-ecj-jar=/usr/share/java/ecj.jar --with-gnu-ld --with-gnu-as --with-cloog-include=/usr/include/cloog-isl --without-libiconv-prefix --without-libintl-prefix --with-system-zlib --enable-linker-build-id
Thread model: posix
gcc version 4.9.3 (GCC) 
configure:4703: $? = 0
configure:4692: gcc -V >&5
gcc: error: unrecognized command line option '-V'
gcc: fatal error: no input files
compilation terminated.
configure:4703: $? = 1
configure:4692: gcc -qversion >&5
gcc: error: unrecognized command line option '-qversion'
gcc: fatal error: no input files
compilation terminated.
configure:4703: $? = 1
configure:4707: checking whether we are using the GNU C compiler
configure:4735: result: yes
configure:4744: checking whether gcc accepts -g
configure:4805: result: yes
configure:4822: checking for gcc option to accept ISO C89
configure:4899: result: none needed
configure:4924: checking how to run the C preprocessor
configure:4955: gcc -E  conftest.c
configure:4955: $? = 0
configure:4969: gcc -E  conftest.c
conftest.c:11:28: fatal error: ac_nonexistent.h: No such file or directory
 #include <ac_nonexistent.h>
                            ^
compilation terminated.
configure:4969: $? = 1
configure: failed program was:
| /* confdefs.h */
| #define PACKAGE_NAME "bfd"
| #define PACKAGE_TARNAME "bfd"
| #define PACKAGE_VERSION "2.25"
| #define PACKAGE_STRING "bfd 2.25"
| #define PACKAGE_BUGREPORT ""
| #define PACKAGE_URL ""
| #define PACKAGE "bfd"
| #define VERSION "2.25"
| /* end confdefs.h.  */
| #include <ac_nonexistent.h>
configure:4994: result: gcc -E
configure:5014: gcc -E  conftest.c
configure:5014: $? = 0
configure:5028: gcc -E  conftest.c
conftest.c:11:28: fatal error: ac_nonexistent.h: No such file or directory
 #include <ac_nonexistent.h>
                            ^
compilation terminated.
configure:5028: $? = 1
configure: failed program was:
| /* confdefs.h */
| #define PACKAGE_NAME "bfd"
| #define PACKAGE_TARNAME "bfd"
| #define PACKAGE_VERSION "2.25"
| #define PACKAGE_STRING "bfd 2.25"
| #define PACKAGE_BUGREPORT ""
| #define PACKAGE_URL ""
| #define PACKAGE "bfd"
| #define VERSION "2.25"
| /* end confdefs.h.  */
| #include <ac_nonexistent.h>
configure:5057: checking for grep that handles long lines and -e
configure:5115: result: /usr/bin/grep
configure:5120: checking for egrep
configure:5182: result: /usr/bin/grep -E
configure:5187: checking for ANSI C header files
configure:5207: gcc -c -g -O2  conftest.c >&5
configure:5207: $? = 0
configure:5280: gcc -o conftest.exe -g -O2  -static-libstdc++ -static-libgcc -Wl,--stack,12582912 conftest.c  >&5
configure:5280: $? = 0
configure:5280: ./conftest.exe
configure:5280: $? = 0
configure:5291: result: yes
configure:5304: checking for sys/types.h
configure:5304: gcc -c -g -O2  conftest.c >&5
configure:5304: $? = 0
configure:5304: result: yes
configure:5304: checking for sys/stat.h
configure:5304: gcc -c -g -O2  conftest.c >&5
configure:5304: $? = 0
configure:5304: result: yes
configure:5304: checking for stdlib.h
configure:5304: gcc -c -g -O2  conftest.c >&5
configure:5304: $? = 0
configure:5304: result: yes
configure:5304: checking for string.h
configure:5304: gcc -c -g -O2  conftest.c >&5
configure:5304: $? = 0
configure:5304: result: yes
configure:5304: checking for memory.h
configure:5304: gcc -c -g -O2  conftest.c >&5
configure:5304: $? = 0
configure:5304: result: yes
configure:5304: checking for strings.h
configure:5304: gcc -c -g -O2  conftest.c >&5
configure:5304: $? = 0
configure:5304: result: yes
configure:5304: checking for inttypes.h
configure:5304: gcc -c -g -O2  conftest.c >&5
configure:5304: $? = 0
configure:5304: result: yes
configure:5304: checking for stdint.h
configure:5304: gcc -c -g -O2  conftest.c >&5
configure:5304: $? = 0
configure:5304: result: yes
configure:5304: checking for unistd.h
configure:5304: gcc -c -g -O2  conftest.c >&5
configure:5304: $? = 0
configure:5304: result: yes
configure:5318: checking minix/config.h usability
configure:5318: gcc -c -g -O2  conftest.c >&5
conftest.c:54:26: fatal error: minix/config.h: No such file or directory
 #include <minix/config.h>
                          ^
compilation terminated.
configure:5318: $? = 1
configure: failed program was:
| /* confdefs.h */
| #define PACKAGE_NAME "bfd"
| #define PACKAGE_TARNAME "bfd"
| #define PACKAGE_VERSION "2.25"
| #define PACKAGE_STRING "bfd 2.25"
| #define PACKAGE_BUGREPORT ""
| #define PACKAGE_URL ""
| #define PACKAGE "bfd"
| #define VERSION "2.25"
| #define STDC_HEADERS 1
| #define HAVE_SYS_TYPES_H 1
| #define HAVE_SYS_STAT_H 1
| #define HAVE_STDLIB_H 1
| #define HAVE_STRING_H 1
| #define HAVE_MEMORY_H 1
| #define HAVE_STRINGS_H 1
| #define HAVE_INTTYPES_H 1
| #define HAVE_STDINT_H 1
| #define HAVE_UNISTD_H 1
| /* end confdefs.h.  */
| #include <stdio.h>
| #ifdef HAVE_SYS_TYPES_H
| # include <sys/types.h>
| #endif
| #ifdef HAVE_SYS_STAT_H
| # include <sys/stat.h>
| #endif
| #ifdef STDC_HEADERS
| # include <stdlib.h>
| # include <stddef.h>
| #else
| # ifdef HAVE_STDLIB_H
| #  include <stdlib.h>
| # endif
| #endif
| #ifdef HAVE_STRING_H
| # if !defined STDC_HEADERS && defined HAVE_MEMORY_H
| #  include <memory.h>
| # endif
| # include <string.h>
| #endif
| #ifdef HAVE_STRINGS_H
| # include <strings.h>
| #endif
| #ifdef HAVE_INTTYPES_H
| # include <inttypes.h>
| #endif
| #ifdef HAVE_STDINT_H
| # include <stdint.h>
| #endif
| #ifdef HAVE_UNISTD_H
| # include <unistd.h>
| #endif
| #include <minix/config.h>
configure:5318: result: no
configure:5318: checking minix/config.h presence
configure:5318: gcc -E  conftest.c
conftest.c:21:26: fatal error: minix/config.h: No such file or directory
 #include <minix/config.h>
                          ^
compilation terminated.
configure:5318: $? = 1
configure: failed program was:
| /* confdefs.h */
| #define PACKAGE_NAME "bfd"
| #define PACKAGE_TARNAME "bfd"
| #define PACKAGE_VERSION "2.25"
| #define PACKAGE_STRING "bfd 2.25"
| #define PACKAGE_BUGREPORT ""
| #define PACKAGE_URL ""
| #define PACKAGE "bfd"
| #define VERSION "2.25"
| #define STDC_HEADERS 1
| #define HAVE_SYS_TYPES_H 1
| #define HAVE_SYS_STAT_H 1
| #define HAVE_STDLIB_H 1
| #define HAVE_STRING_H 1
| #define HAVE_MEMORY_H 1
| #define HAVE_STRINGS_H 1
| #define HAVE_INTTYPES_H 1
| #define HAVE_STDINT_H 1
| #define HAVE_UNISTD_H 1
| /* end confdefs.h.  */
| #include <minix/config.h>
configure:5318: result: no
configure:5318: checking for minix/config.h
configure:5318: result: no
configure:5339: checking whether it is safe to define __EXTENSIONS__
configure:5357: gcc -c -g -O2  conftest.c >&5
configure:5357: $? = 0
configure:5364: result: yes
configure:5427: checking how to print strings
configure:5454: result: printf
configure:5475: checking for a sed that does not truncate output
configure:5539: result: /usr/bin/sed
configure:5557: checking for fgrep
configure:5619: result: /usr/bin/grep -F
configure:5654: checking for ld used by gcc
configure:5721: result: /usr/lib/gcc/i686-pc-cygwin/4.9.3/../../../../i686-pc-cygwin/bin/ld.exe
configure:5728: checking if the linker (/usr/lib/gcc/i686-pc-cygwin/4.9.3/../../../../i686-pc-cygwin/bin/ld.exe) is GNU ld
configure:5743: result: yes
configure:5755: checking for BSD- or MS-compatible name lister (nm)
configure:5804: result: nm
configure:5934: checking the name lister (nm) interface
configure:5941: gcc -c -g -O2  conftest.c >&5
configure:5944: nm "conftest.o"
configure:5947: output
00000000 b .bss
00000000 d .data
00000000 N .debug_abbrev
00000000 N .debug_aranges
00000000 N .debug_info
00000000 N .debug_line
00000000 r .rdata$zzz
00000000 t .text
00000000 B _some_variable
configure:5954: result: BSD nm
configure:5957: checking whether ln -s works
configure:5961: result: yes
configure:5969: checking the maximum length of command line arguments
configure:6094: result: 8192
configure:6111: checking whether the shell understands some XSI constructs
configure:6121: result: yes
configure:6125: checking whether the shell understands "+="
configure:6131: result: yes
configure:6166: checking for /usr/lib/gcc/i686-pc-cygwin/4.9.3/../../../../i686-pc-cygwin/bin/ld.exe option to reload object files
configure:6173: result: -r
configure:6202: checking for i686-pc-cygwin-objdump
configure:6229: result: objdump
configure:6301: checking how to recognize dependent libraries
configure:6502: result: file_magic ^x86 archive import|^x86 DLL
configure:6522: checking for i686-pc-cygwin-ar
configure:6549: result: ar
configure:6627: checking for i686-pc-cygwin-strip
configure:6657: result: no
configure:6667: checking for strip
configure:6683: found /usr/bin/strip
configure:6694: result: strip
configure:6726: checking for i686-pc-cygwin-ranlib
configure:6753: result: ranlib
configure:6895: checking command to parse nm output from gcc object
configure:7013: gcc -c -g -O2  conftest.c >&5
configure:7016: $? = 0
configure:7020: nm conftest.o \| sed -n -e 's/^.*[ ]\([ABCDGIRSTW][ABCDGIRSTW]*\)[ ][ ]*\([_A-Za-z][_A-Za-z0-9]*\)$/\1 \2 \2/p' \> conftest.nm
configure:7023: $? = 0
cannot find nm_test_var in conftest.nm
configure:7013: gcc -c -g -O2  conftest.c >&5
configure:7016: $? = 0
configure:7020: nm conftest.o \| sed -n -e 's/^.*[ ]\([ABCDGIRSTW][ABCDGIRSTW]*\)[ ][ ]*_\([_A-Za-z][_A-Za-z0-9]*\)$/\1 _\2 \2/p' \> conftest.nm
configure:7023: $? = 0
configure:7077: gcc -o conftest.exe -g -O2  -static-libstdc++ -static-libgcc -Wl,--stack,12582912 conftest.c conftstm.o >&5
configure:7080: $? = 0
configure:7118: result: ok
configure:7966: checking for dlfcn.h
configure:7966: gcc -c -g -O2  conftest.c >&5
configure:7966: $? = 0
configure:7966: result: yes
configure:8122: checking for objdir
configure:8137: result: .libs
configure:8408: checking if gcc supports -fno-rtti -fno-exceptions
configure:8426: gcc -c -g -O2  -fno-rtti -fno-exceptions conftest.c >&5
cc1: warning: command line option '-fno-rtti' is valid for C++/ObjC++ but not for C
configure:8430: $? = 0
configure:8443: result: no
configure:8463: checking for gcc option to produce PIC
configure:8749: result: -DDLL_EXPORT -DPIC
configure:8761: checking if gcc PIC flag -DDLL_EXPORT -DPIC works
configure:8779: gcc -c -g -O2  -DDLL_EXPORT -DPIC -DPIC conftest.c >&5
configure:8783: $? = 0
configure:8796: result: yes
configure:8820: checking if gcc static flag -static works
configure:8848: result: yes
configure:8863: checking if gcc supports -c -o file.o
configure:8884: gcc -c -g -O2  -o out/conftest2.o conftest.c >&5
configure:8888: $? = 0
configure:8910: result: yes
configure:8918: checking if gcc supports -c -o file.o
configure:8965: result: yes
configure:8998: checking whether the gcc linker (/usr/lib/gcc/i686-pc-cygwin/4.9.3/../../../../i686-pc-cygwin/bin/ld.exe) supports shared libraries
configure:10069: result: yes
configure:10314: checking dynamic linker characteristics
configure:10987: result: Win32 ld.exe
configure:11094: checking how to hardcode library paths into programs
configure:11119: result: immediate
configure:11413: checking whether a program can dlopen itself
configure:11493: gcc -o conftest.exe -g -O2  -DHAVE_DLFCN_H -static-libstdc++ -static-libgcc -Wl,--stack,12582912 -Wl,--export-all-symbols conftest.c   >&5
configure:11496: $? = 0
configure:11514: result: yes
configure:11519: checking whether a statically linked program can dlopen itself
configure:11599: gcc -o conftest.exe -g -O2  -DHAVE_DLFCN_H -static-libstdc++ -static-libgcc -Wl,--stack,12582912 -Wl,--export-all-symbols -static conftest.c   >&5
configure:11602: $? = 0
configure:11620: result: yes
configure:11659: checking whether stripping libraries is possible
configure:11664: result: yes
configure:11699: checking if libtool supports shared libraries
configure:11701: result: yes
configure:11704: checking whether to build shared libraries
configure:11725: result: no
configure:11728: checking whether to build static libraries
configure:11732: result: yes
configure:11782: checking for dlfcn.h
configure:11782: result: yes
configure:11795: checking for windows.h
configure:11795: gcc -c -g -O2  conftest.c >&5
configure:11795: $? = 0
configure:11795: result: yes
configure:11822: checking for library containing dlopen
configure:11853: gcc -o conftest.exe -g -O2  -static-libstdc++ -static-libgcc -Wl,--stack,12582912 conftest.c  >&5
configure:11853: $? = 0
configure:11870: result: none required
configure:11901: checking for special C compiler options needed for large files
configure:11946: result: no
configure:11952: checking for _FILE_OFFSET_BITS value needed for large files
configure:11977: gcc -c -g -O2  conftest.c >&5
configure:11977: $? = 0
configure:12009: result: no
configure:12333: checking whether to enable maintainer-specific portions of Makefiles
configure:12342: result: no
configure:12378: checking whether to install libbfd
configure:12391: result: no
configure:12441: checking whether NLS is requested
configure:12444: result: no
configure:12512: checking whether NLS is requested
configure:12521: result: no
configure:12559: checking for msgfmt
configure:12593: result: no
configure:12599: checking for gmsgfmt
configure:12630: result: :
configure:12670: checking for xgettext
configure:12704: result: no
configure:12741: checking for msgmerge
configure:12774: result: no
configure:12824: checking size of long long
configure:12829: gcc -o conftest.exe -g -O2  -static-libstdc++ -static-libgcc -Wl,--stack,12582912 conftest.c  >&5
configure:12829: $? = 0
configure:12829: ./conftest.exe
configure:12829: $? = 0
configure:12844: result: 8
configure:12858: checking size of void *
configure:12863: gcc -o conftest.exe -g -O2  -static-libstdc++ -static-libgcc -Wl,--stack,12582912 conftest.c  >&5
configure:12863: $? = 0
configure:12863: ./conftest.exe
configure:12863: $? = 0
configure:12878: result: 4
configure:12892: checking size of long
configure:12897: gcc -o conftest.exe -g -O2  -static-libstdc++ -static-libgcc -Wl,--stack,12582912 conftest.c  >&5
configure:12897: $? = 0
configure:12897: ./conftest.exe
configure:12897: $? = 0
configure:12912: result: 4
configure:12994: checking alloca.h usability
configure:12994: gcc -c -g -O2  conftest.c >&5
configure:12994: $? = 0
configure:12994: result: yes
configure:12994: checking alloca.h presence
configure:12994: gcc -E  conftest.c
configure:12994: $? = 0
configure:12994: result: yes
configure:12994: checking for alloca.h
configure:12994: result: yes
configure:12994: checking stddef.h usability
configure:12994: gcc -c -g -O2  conftest.c >&5
configure:12994: $? = 0
configure:12994: result: yes
configure:12994: checking stddef.h presence
configure:12994: gcc -E  conftest.c
configure:12994: $? = 0
configure:12994: result: yes
configure:12994: checking for stddef.h
configure:12994: result: yes
configure:12994: checking for string.h
configure:12994: result: yes
configure:12994: checking for strings.h
configure:12994: result: yes
configure:12994: checking for stdlib.h
configure:12994: result: yes
configure:12994: checking time.h usability
configure:12994: gcc -c -g -O2  conftest.c >&5
configure:12994: $? = 0
configure:12994: result: yes
configure:12994: checking time.h presence
configure:12994: gcc -E  conftest.c
configure:12994: $? = 0
configure:12994: result: yes
configure:12994: checking for time.h
configure:12994: result: yes
configure:12994: checking for unistd.h
configure:12994: result: yes
configure:12994: checking wchar.h usability
configure:12994: gcc -c -g -O2  conftest.c >&5
configure:12994: $? = 0
configure:12994: result: yes
configure:12994: checking wchar.h presence
configure:12994: gcc -E  conftest.c
configure:12994: $? = 0
configure:12994: result: yes
configure:12994: checking for wchar.h
configure:12994: result: yes
configure:13008: checking fcntl.h usability
configure:13008: gcc -c -g -O2  conftest.c >&5
configure:13008: $? = 0
configure:13008: result: yes
configure:13008: checking fcntl.h presence
configure:13008: gcc -E  conftest.c
configure:13008: $? = 0
configure:13008: result: yes
configure:13008: checking for fcntl.h
configure:13008: result: yes
configure:13008: checking sys/file.h usability
configure:13008: gcc -c -g -O2  conftest.c >&5
configure:13008: $? = 0
configure:13008: result: yes
configure:13008: checking sys/file.h presence
configure:13008: gcc -E  conftest.c
configure:13008: $? = 0
configure:13008: result: yes
configure:13008: checking for sys/file.h
configure:13008: result: yes
configure:13008: checking sys/time.h usability
configure:13008: gcc -c -g -O2  conftest.c >&5
configure:13008: $? = 0
configure:13008: result: yes
configure:13008: checking sys/time.h presence
configure:13008: gcc -E  conftest.c
configure:13008: $? = 0
configure:13008: result: yes
configure:13008: checking for sys/time.h
configure:13008: result: yes
configure:13008: checking for sys/stat.h
configure:13008: result: yes
configure:13008: checking sys/resource.h usability
configure:13008: gcc -c -g -O2  conftest.c >&5
configure:13008: $? = 0
configure:13008: result: yes
configure:13008: checking sys/resource.h presence
configure:13008: gcc -E  conftest.c
configure:13008: $? = 0
configure:13008: result: yes
configure:13008: checking for sys/resource.h
configure:13008: result: yes
configure:13032: checking for uintmax_t
configure:13032: gcc -c -g -O2  conftest.c >&5
configure:13032: $? = 0
configure:13032: gcc -c -g -O2  conftest.c >&5
conftest.c: In function 'main':
conftest.c:53:24: error: expected expression before ')' token
 if (sizeof ((uintmax_t)))
                        ^
configure:13032: $? = 1
configure: failed program was:
| /* confdefs.h */
| #define PACKAGE_NAME "bfd"
| #define PACKAGE_TARNAME "bfd"
| #define PACKAGE_VERSION "2.25"
| #define PACKAGE_STRING "bfd 2.25"
| #define PACKAGE_BUGREPORT ""
| #define PACKAGE_URL ""
| #define PACKAGE "bfd"
| #define VERSION "2.25"
| #define STDC_HEADERS 1
| #define HAVE_SYS_TYPES_H 1
| #define HAVE_SYS_STAT_H 1
| #define HAVE_STDLIB_H 1
| #define HAVE_STRING_H 1
| #define HAVE_MEMORY_H 1
| #define HAVE_STRINGS_H 1
| #define HAVE_INTTYPES_H 1
| #define HAVE_STDINT_H 1
| #define HAVE_UNISTD_H 1
| #define __EXTENSIONS__ 1
| #define _ALL_SOURCE 1
| #define _GNU_SOURCE 1
| #define _POSIX_PTHREAD_SEMANTICS 1
| #define _TANDEM_SOURCE 1
| #define HAVE_DLFCN_H 1
| #define LT_OBJDIR ".libs/"
| #define HAVE_DLFCN_H 1
| #define HAVE_WINDOWS_H 1
| #define USE_SECUREPLT 1
| #define SIZEOF_LONG_LONG 8
| #define SIZEOF_VOID_P 4
| #define SIZEOF_LONG 4
| #define HAVE_ALLOCA_H 1
| #define HAVE_STDDEF_H 1
| #define HAVE_STRING_H 1
| #define HAVE_STRINGS_H 1
| #define HAVE_STDLIB_H 1
| #define HAVE_TIME_H 1
| #define HAVE_UNISTD_H 1
| #define HAVE_WCHAR_H 1
| #define HAVE_FCNTL_H 1
| #define HAVE_SYS_FILE_H 1
| #define HAVE_SYS_TIME_H 1
| #define HAVE_SYS_STAT_H 1
| #define HAVE_SYS_RESOURCE_H 1
| /* end confdefs.h.  */
| #include <sys/types.h>
| #include <stdint.h>
| 
| int
| main ()
| {
| if (sizeof ((uintmax_t)))
| 	    return 0;
|   ;
|   return 0;
| }
configure:13032: result: yes
configure:13041: checking for uintptr_t
configure:13041: gcc -c -g -O2  conftest.c >&5
configure:13041: $? = 0
configure:13041: gcc -c -g -O2  conftest.c >&5
conftest.c: In function 'main':
conftest.c:53:24: error: expected expression before ')' token
 if (sizeof ((uintptr_t)))
                        ^
configure:13041: $? = 1
configure: failed program was:
| /* confdefs.h */
| #define PACKAGE_NAME "bfd"
| #define PACKAGE_TARNAME "bfd"
| #define PACKAGE_VERSION "2.25"
| #define PACKAGE_STRING "bfd 2.25"
| #define PACKAGE_BUGREPORT ""
| #define PACKAGE_URL ""
| #define PACKAGE "bfd"
| #define VERSION "2.25"
| #define STDC_HEADERS 1
| #define HAVE_SYS_TYPES_H 1
| #define HAVE_SYS_STAT_H 1
| #define HAVE_STDLIB_H 1
| #define HAVE_STRING_H 1
| #define HAVE_MEMORY_H 1
| #define HAVE_STRINGS_H 1
| #define HAVE_INTTYPES_H 1
| #define HAVE_STDINT_H 1
| #define HAVE_UNISTD_H 1
| #define __EXTENSIONS__ 1
| #define _ALL_SOURCE 1
| #define _GNU_SOURCE 1
| #define _POSIX_PTHREAD_SEMANTICS 1
| #define _TANDEM_SOURCE 1
| #define HAVE_DLFCN_H 1
| #define LT_OBJDIR ".libs/"
| #define HAVE_DLFCN_H 1
| #define HAVE_WINDOWS_H 1
| #define USE_SECUREPLT 1
| #define SIZEOF_LONG_LONG 8
| #define SIZEOF_VOID_P 4
| #define SIZEOF_LONG 4
| #define HAVE_ALLOCA_H 1
| #define HAVE_STDDEF_H 1
| #define HAVE_STRING_H 1
| #define HAVE_STRINGS_H 1
| #define HAVE_STDLIB_H 1
| #define HAVE_TIME_H 1
| #define HAVE_UNISTD_H 1
| #define HAVE_WCHAR_H 1
| #define HAVE_FCNTL_H 1
| #define HAVE_SYS_FILE_H 1
| #define HAVE_SYS_TIME_H 1
| #define HAVE_SYS_STAT_H 1
| #define HAVE_SYS_RESOURCE_H 1
| /* end confdefs.h.  */
| #include <sys/types.h>
| #include <stdint.h>
| 
| int
| main ()
| {
| if (sizeof ((uintptr_t)))
| 	    return 0;
|   ;
|   return 0;
| }
configure:13041: result: yes
configure:13050: checking for int_least32_t
configure:13050: gcc -c -g -O2  conftest.c >&5
configure:13050: $? = 0
configure:13050: gcc -c -g -O2  conftest.c >&5
conftest.c: In function 'main':
conftest.c:53:28: error: expected expression before ')' token
 if (sizeof ((int_least32_t)))
                            ^
configure:13050: $? = 1
configure: failed program was:
| /* confdefs.h */
| #define PACKAGE_NAME "bfd"
| #define PACKAGE_TARNAME "bfd"
| #define PACKAGE_VERSION "2.25"
| #define PACKAGE_STRING "bfd 2.25"
| #define PACKAGE_BUGREPORT ""
| #define PACKAGE_URL ""
| #define PACKAGE "bfd"
| #define VERSION "2.25"
| #define STDC_HEADERS 1
| #define HAVE_SYS_TYPES_H 1
| #define HAVE_SYS_STAT_H 1
| #define HAVE_STDLIB_H 1
| #define HAVE_STRING_H 1
| #define HAVE_MEMORY_H 1
| #define HAVE_STRINGS_H 1
| #define HAVE_INTTYPES_H 1
| #define HAVE_STDINT_H 1
| #define HAVE_UNISTD_H 1
| #define __EXTENSIONS__ 1
| #define _ALL_SOURCE 1
| #define _GNU_SOURCE 1
| #define _POSIX_PTHREAD_SEMANTICS 1
| #define _TANDEM_SOURCE 1
| #define HAVE_DLFCN_H 1
| #define LT_OBJDIR ".libs/"
| #define HAVE_DLFCN_H 1
| #define HAVE_WINDOWS_H 1
| #define USE_SECUREPLT 1
| #define SIZEOF_LONG_LONG 8
| #define SIZEOF_VOID_P 4
| #define SIZEOF_LONG 4
| #define HAVE_ALLOCA_H 1
| #define HAVE_STDDEF_H 1
| #define HAVE_STRING_H 1
| #define HAVE_STRINGS_H 1
| #define HAVE_STDLIB_H 1
| #define HAVE_TIME_H 1
| #define HAVE_UNISTD_H 1
| #define HAVE_WCHAR_H 1
| #define HAVE_FCNTL_H 1
| #define HAVE_SYS_FILE_H 1
| #define HAVE_SYS_TIME_H 1
| #define HAVE_SYS_STAT_H 1
| #define HAVE_SYS_RESOURCE_H 1
| /* end confdefs.h.  */
| #include <sys/types.h>
| #include <stdint.h>
| 
| int
| main ()
| {
| if (sizeof ((int_least32_t)))
| 	    return 0;
|   ;
|   return 0;
| }
configure:13050: result: yes
configure:13059: checking for int_fast32_t
configure:13059: gcc -c -g -O2  conftest.c >&5
configure:13059: $? = 0
configure:13059: gcc -c -g -O2  conftest.c >&5
conftest.c: In function 'main':
conftest.c:53:27: error: expected expression before ')' token
 if (sizeof ((int_fast32_t)))
                           ^
configure:13059: $? = 1
configure: failed program was:
| /* confdefs.h */
| #define PACKAGE_NAME "bfd"
| #define PACKAGE_TARNAME "bfd"
| #define PACKAGE_VERSION "2.25"
| #define PACKAGE_STRING "bfd 2.25"
| #define PACKAGE_BUGREPORT ""
| #define PACKAGE_URL ""
| #define PACKAGE "bfd"
| #define VERSION "2.25"
| #define STDC_HEADERS 1
| #define HAVE_SYS_TYPES_H 1
| #define HAVE_SYS_STAT_H 1
| #define HAVE_STDLIB_H 1
| #define HAVE_STRING_H 1
| #define HAVE_MEMORY_H 1
| #define HAVE_STRINGS_H 1
| #define HAVE_INTTYPES_H 1
| #define HAVE_STDINT_H 1
| #define HAVE_UNISTD_H 1
| #define __EXTENSIONS__ 1
| #define _ALL_SOURCE 1
| #define _GNU_SOURCE 1
| #define _POSIX_PTHREAD_SEMANTICS 1
| #define _TANDEM_SOURCE 1
| #define HAVE_DLFCN_H 1
| #define LT_OBJDIR ".libs/"
| #define HAVE_DLFCN_H 1
| #define HAVE_WINDOWS_H 1
| #define USE_SECUREPLT 1
| #define SIZEOF_LONG_LONG 8
| #define SIZEOF_VOID_P 4
| #define SIZEOF_LONG 4
| #define HAVE_ALLOCA_H 1
| #define HAVE_STDDEF_H 1
| #define HAVE_STRING_H 1
| #define HAVE_STRINGS_H 1
| #define HAVE_STDLIB_H 1
| #define HAVE_TIME_H 1
| #define HAVE_UNISTD_H 1
| #define HAVE_WCHAR_H 1
| #define HAVE_FCNTL_H 1
| #define HAVE_SYS_FILE_H 1
| #define HAVE_SYS_TIME_H 1
| #define HAVE_SYS_STAT_H 1
| #define HAVE_SYS_RESOURCE_H 1
| /* end confdefs.h.  */
| #include <sys/types.h>
| #include <stdint.h>
| 
| int
| main ()
| {
| if (sizeof ((int_fast32_t)))
| 	    return 0;
|   ;
|   return 0;
| }
configure:13059: result: yes
configure:13068: checking for uint64_t
configure:13068: gcc -c -g -O2  conftest.c >&5
configure:13068: $? = 0
configure:13068: gcc -c -g -O2  conftest.c >&5
conftest.c: In function 'main':
conftest.c:53:23: error: expected expression before ')' token
 if (sizeof ((uint64_t)))
                       ^
configure:13068: $? = 1
configure: failed program was:
| /* confdefs.h */
| #define PACKAGE_NAME "bfd"
| #define PACKAGE_TARNAME "bfd"
| #define PACKAGE_VERSION "2.25"
| #define PACKAGE_STRING "bfd 2.25"
| #define PACKAGE_BUGREPORT ""
| #define PACKAGE_URL ""
| #define PACKAGE "bfd"
| #define VERSION "2.25"
| #define STDC_HEADERS 1
| #define HAVE_SYS_TYPES_H 1
| #define HAVE_SYS_STAT_H 1
| #define HAVE_STDLIB_H 1
| #define HAVE_STRING_H 1
| #define HAVE_MEMORY_H 1
| #define HAVE_STRINGS_H 1
| #define HAVE_INTTYPES_H 1
| #define HAVE_STDINT_H 1
| #define HAVE_UNISTD_H 1
| #define __EXTENSIONS__ 1
| #define _ALL_SOURCE 1
| #define _GNU_SOURCE 1
| #define _POSIX_PTHREAD_SEMANTICS 1
| #define _TANDEM_SOURCE 1
| #define HAVE_DLFCN_H 1
| #define LT_OBJDIR ".libs/"
| #define HAVE_DLFCN_H 1
| #define HAVE_WINDOWS_H 1
| #define USE_SECUREPLT 1
| #define SIZEOF_LONG_LONG 8
| #define SIZEOF_VOID_P 4
| #define SIZEOF_LONG 4
| #define HAVE_ALLOCA_H 1
| #define HAVE_STDDEF_H 1
| #define HAVE_STRING_H 1
| #define HAVE_STRINGS_H 1
| #define HAVE_STDLIB_H 1
| #define HAVE_TIME_H 1
| #define HAVE_UNISTD_H 1
| #define HAVE_WCHAR_H 1
| #define HAVE_FCNTL_H 1
| #define HAVE_SYS_FILE_H 1
| #define HAVE_SYS_TIME_H 1
| #define HAVE_SYS_STAT_H 1
| #define HAVE_SYS_RESOURCE_H 1
| /* end confdefs.h.  */
| #include <sys/types.h>
| #include <stdint.h>
| 
| int
| main ()
| {
| if (sizeof ((uint64_t)))
| 	    return 0;
|   ;
|   return 0;
| }
configure:13068: result: yes
configure:13149: checking what to include in bfd_stdint.h
configure:13177: result: stdint.h (already complete)
configure:13425: checking whether time.h and sys/time.h may both be included
configure:13445: gcc -c -g -O2  conftest.c >&5
configure:13445: $? = 0
configure:13452: result: yes
configure:13463: checking for dirent.h that defines DIR
configure:13482: gcc -c -g -O2  conftest.c >&5
configure:13482: $? = 0
configure:13490: result: yes
configure:13504: checking for library containing opendir
configure:13535: gcc -o conftest.exe -g -O2  -static-libstdc++ -static-libgcc -Wl,--stack,12582912 conftest.c  >&5
configure:13535: $? = 0
configure:13552: result: none required
configure:13620: checking whether string.h and strings.h may both be included
configure:13637: gcc -c -g -O2  conftest.c >&5
configure:13637: $? = 0
configure:13644: result: yes
configure:13655: checking for fcntl
configure:13655: gcc -o conftest.exe -g -O2  -static-libstdc++ -static-libgcc -Wl,--stack,12582912 conftest.c  >&5
configure:13655: $? = 0
configure:13655: result: yes
configure:13655: checking for getpagesize
configure:13655: gcc -o conftest.exe -g -O2  -static-libstdc++ -static-libgcc -Wl,--stack,12582912 conftest.c  >&5
configure:13655: $? = 0
configure:13655: result: yes
configure:13655: checking for setitimer
configure:13655: gcc -o conftest.exe -g -O2  -static-libstdc++ -static-libgcc -Wl,--stack,12582912 conftest.c  >&5
configure:13655: $? = 0
configure:13655: result: yes
configure:13655: checking for sysconf
configure:13655: gcc -o conftest.exe -g -O2  -static-libstdc++ -static-libgcc -Wl,--stack,12582912 conftest.c  >&5
configure:13655: $? = 0
configure:13655: result: yes
configure:13655: checking for fdopen
configure:13655: gcc -o conftest.exe -g -O2  -static-libstdc++ -static-libgcc -Wl,--stack,12582912 conftest.c  >&5
configure:13655: $? = 0
configure:13655: result: yes
configure:13655: checking for getuid
configure:13655: gcc -o conftest.exe -g -O2  -static-libstdc++ -static-libgcc -Wl,--stack,12582912 conftest.c  >&5
configure:13655: $? = 0
configure:13655: result: yes
configure:13655: checking for getgid
configure:13655: gcc -o conftest.exe -g -O2  -static-libstdc++ -static-libgcc -Wl,--stack,12582912 conftest.c  >&5
configure:13655: $? = 0
configure:13655: result: yes
configure:13655: checking for fileno
configure:13655: gcc -o conftest.exe -g -O2  -static-libstdc++ -static-libgcc -Wl,--stack,12582912 conftest.c  >&5
configure:13655: $? = 0
configure:13655: result: yes
configure:13668: checking for strtoull
configure:13668: gcc -o conftest.exe -g -O2  -static-libstdc++ -static-libgcc -Wl,--stack,12582912 conftest.c  >&5
configure:13668: $? = 0
configure:13668: result: yes
configure:13668: checking for getrlimit
configure:13668: gcc -o conftest.exe -g -O2  -static-libstdc++ -static-libgcc -Wl,--stack,12582912 conftest.c  >&5
configure:13668: $? = 0
configure:13668: result: yes
configure:13679: checking whether basename is declared
configure:13679: gcc -c -g -O2  conftest.c >&5
configure:13679: $? = 0
configure:13679: result: yes
configure:13690: checking whether ftello is declared
configure:13690: gcc -c -g -O2  conftest.c >&5
configure:13690: $? = 0
configure:13690: result: yes
configure:13701: checking whether ftello64 is declared
configure:13701: gcc -c -g -O2  conftest.c >&5
conftest.c: In function 'main':
conftest.c:102:10: error: 'ftello64' undeclared (first use in this function)
   (void) ftello64;
          ^
conftest.c:102:10: note: each undeclared identifier is reported only once for each function it appears in
configure:13701: $? = 1
configure: failed program was:
| /* confdefs.h */
| #define PACKAGE_NAME "bfd"
| #define PACKAGE_TARNAME "bfd"
| #define PACKAGE_VERSION "2.25"
| #define PACKAGE_STRING "bfd 2.25"
| #define PACKAGE_BUGREPORT ""
| #define PACKAGE_URL ""
| #define PACKAGE "bfd"
| #define VERSION "2.25"
| #define STDC_HEADERS 1
| #define HAVE_SYS_TYPES_H 1
| #define HAVE_SYS_STAT_H 1
| #define HAVE_STDLIB_H 1
| #define HAVE_STRING_H 1
| #define HAVE_MEMORY_H 1
| #define HAVE_STRINGS_H 1
| #define HAVE_INTTYPES_H 1
| #define HAVE_STDINT_H 1
| #define HAVE_UNISTD_H 1
| #define __EXTENSIONS__ 1
| #define _ALL_SOURCE 1
| #define _GNU_SOURCE 1
| #define _POSIX_PTHREAD_SEMANTICS 1
| #define _TANDEM_SOURCE 1
| #define HAVE_DLFCN_H 1
| #define LT_OBJDIR ".libs/"
| #define HAVE_DLFCN_H 1
| #define HAVE_WINDOWS_H 1
| #define USE_SECUREPLT 1
| #define SIZEOF_LONG_LONG 8
| #define SIZEOF_VOID_P 4
| #define SIZEOF_LONG 4
| #define HAVE_ALLOCA_H 1
| #define HAVE_STDDEF_H 1
| #define HAVE_STRING_H 1
| #define HAVE_STRINGS_H 1
| #define HAVE_STDLIB_H 1
| #define HAVE_TIME_H 1
| #define HAVE_UNISTD_H 1
| #define HAVE_WCHAR_H 1
| #define HAVE_FCNTL_H 1
| #define HAVE_SYS_FILE_H 1
| #define HAVE_SYS_TIME_H 1
| #define HAVE_SYS_STAT_H 1
| #define HAVE_SYS_RESOURCE_H 1
| #define TIME_WITH_SYS_TIME 1
| #define HAVE_DIRENT_H 1
| #define STRING_WITH_STRINGS 1
| #define HAVE_FCNTL 1
| #define HAVE_GETPAGESIZE 1
| #define HAVE_SETITIMER 1
| #define HAVE_SYSCONF 1
| #define HAVE_FDOPEN 1
| #define HAVE_GETUID 1
| #define HAVE_GETGID 1
| #define HAVE_FILENO 1
| #define HAVE_STRTOULL 1
| #define HAVE_GETRLIMIT 1
| #define HAVE_DECL_BASENAME 1
| #define HAVE_DECL_FTELLO 1
| /* end confdefs.h.  */
| #include <stdio.h>
| #ifdef HAVE_SYS_TYPES_H
| # include <sys/types.h>
| #endif
| #ifdef HAVE_SYS_STAT_H
| # include <sys/stat.h>
| #endif
| #ifdef STDC_HEADERS
| # include <stdlib.h>
| # include <stddef.h>
| #else
| # ifdef HAVE_STDLIB_H
| #  include <stdlib.h>
| # endif
| #endif
| #ifdef HAVE_STRING_H
| # if !defined STDC_HEADERS && defined HAVE_MEMORY_H
| #  include <memory.h>
| # endif
| # include <string.h>
| #endif
| #ifdef HAVE_STRINGS_H
| # include <strings.h>
| #endif
| #ifdef HAVE_INTTYPES_H
| # include <inttypes.h>
| #endif
| #ifdef HAVE_STDINT_H
| # include <stdint.h>
| #endif
| #ifdef HAVE_UNISTD_H
| # include <unistd.h>
| #endif
| int
| main ()
| {
| #ifndef ftello64
| #ifdef __cplusplus
|   (void) ftello64;
| #else
|   (void) ftello64;
| #endif
| #endif
| 
|   ;
|   return 0;
| }
configure:13701: result: no
configure:13712: checking whether fseeko is declared
configure:13712: gcc -c -g -O2  conftest.c >&5
configure:13712: $? = 0
configure:13712: result: yes
configure:13723: checking whether fseeko64 is declared
configure:13723: gcc -c -g -O2  conftest.c >&5
conftest.c: In function 'main':
conftest.c:104:10: error: 'fseeko64' undeclared (first use in this function)
   (void) fseeko64;
          ^
conftest.c:104:10: note: each undeclared identifier is reported only once for each function it appears in
configure:13723: $? = 1
configure: failed program was:
| /* confdefs.h */
| #define PACKAGE_NAME "bfd"
| #define PACKAGE_TARNAME "bfd"
| #define PACKAGE_VERSION "2.25"
| #define PACKAGE_STRING "bfd 2.25"
| #define PACKAGE_BUGREPORT ""
| #define PACKAGE_URL ""
| #define PACKAGE "bfd"
| #define VERSION "2.25"
| #define STDC_HEADERS 1
| #define HAVE_SYS_TYPES_H 1
| #define HAVE_SYS_STAT_H 1
| #define HAVE_STDLIB_H 1
| #define HAVE_STRING_H 1
| #define HAVE_MEMORY_H 1
| #define HAVE_STRINGS_H 1
| #define HAVE_INTTYPES_H 1
| #define HAVE_STDINT_H 1
| #define HAVE_UNISTD_H 1
| #define __EXTENSIONS__ 1
| #define _ALL_SOURCE 1
| #define _GNU_SOURCE 1
| #define _POSIX_PTHREAD_SEMANTICS 1
| #define _TANDEM_SOURCE 1
| #define HAVE_DLFCN_H 1
| #define LT_OBJDIR ".libs/"
| #define HAVE_DLFCN_H 1
| #define HAVE_WINDOWS_H 1
| #define USE_SECUREPLT 1
| #define SIZEOF_LONG_LONG 8
| #define SIZEOF_VOID_P 4
| #define SIZEOF_LONG 4
| #define HAVE_ALLOCA_H 1
| #define HAVE_STDDEF_H 1
| #define HAVE_STRING_H 1
| #define HAVE_STRINGS_H 1
| #define HAVE_STDLIB_H 1
| #define HAVE_TIME_H 1
| #define HAVE_UNISTD_H 1
| #define HAVE_WCHAR_H 1
| #define HAVE_FCNTL_H 1
| #define HAVE_SYS_FILE_H 1
| #define HAVE_SYS_TIME_H 1
| #define HAVE_SYS_STAT_H 1
| #define HAVE_SYS_RESOURCE_H 1
| #define TIME_WITH_SYS_TIME 1
| #define HAVE_DIRENT_H 1
| #define STRING_WITH_STRINGS 1
| #define HAVE_FCNTL 1
| #define HAVE_GETPAGESIZE 1
| #define HAVE_SETITIMER 1
| #define HAVE_SYSCONF 1
| #define HAVE_FDOPEN 1
| #define HAVE_GETUID 1
| #define HAVE_GETGID 1
| #define HAVE_FILENO 1
| #define HAVE_STRTOULL 1
| #define HAVE_GETRLIMIT 1
| #define HAVE_DECL_BASENAME 1
| #define HAVE_DECL_FTELLO 1
| #define HAVE_DECL_FTELLO64 0
| #define HAVE_DECL_FSEEKO 1
| /* end confdefs.h.  */
| #include <stdio.h>
| #ifdef HAVE_SYS_TYPES_H
| # include <sys/types.h>
| #endif
| #ifdef HAVE_SYS_STAT_H
| # include <sys/stat.h>
| #endif
| #ifdef STDC_HEADERS
| # include <stdlib.h>
| # include <stddef.h>
| #else
| # ifdef HAVE_STDLIB_H
| #  include <stdlib.h>
| # endif
| #endif
| #ifdef HAVE_STRING_H
| # if !defined STDC_HEADERS && defined HAVE_MEMORY_H
| #  include <memory.h>
| # endif
| # include <string.h>
| #endif
| #ifdef HAVE_STRINGS_H
| # include <strings.h>
| #endif
| #ifdef HAVE_INTTYPES_H
| # include <inttypes.h>
| #endif
| #ifdef HAVE_STDINT_H
| # include <stdint.h>
| #endif
| #ifdef HAVE_UNISTD_H
| # include <unistd.h>
| #endif
| int
| main ()
| {
| #ifndef fseeko64
| #ifdef __cplusplus
|   (void) fseeko64;
| #else
|   (void) fseeko64;
| #endif
| #endif
| 
|   ;
|   return 0;
| }
configure:13723: result: no
configure:13743: checking whether ffs is declared
configure:13743: gcc -c -g -O2  conftest.c >&5
configure:13743: $? = 0
configure:13743: result: yes
configure:13754: checking whether free is declared
configure:13754: gcc -c -g -O2  conftest.c >&5
configure:13754: $? = 0
configure:13754: result: yes
configure:13765: checking whether getenv is declared
configure:13765: gcc -c -g -O2  conftest.c >&5
configure:13765: $? = 0
configure:13765: result: yes
configure:13776: checking whether malloc is declared
configure:13776: gcc -c -g -O2  conftest.c >&5
configure:13776: $? = 0
configure:13776: result: yes
configure:13787: checking whether realloc is declared
configure:13787: gcc -c -g -O2  conftest.c >&5
configure:13787: $? = 0
configure:13787: result: yes
configure:13798: checking whether stpcpy is declared
configure:13798: gcc -c -g -O2  conftest.c >&5
configure:13798: $? = 0
configure:13798: result: yes
configure:13809: checking whether strstr is declared
configure:13809: gcc -c -g -O2  conftest.c >&5
configure:13809: $? = 0
configure:13809: result: yes
configure:13820: checking whether snprintf is declared
configure:13820: gcc -c -g -O2  conftest.c >&5
configure:13820: $? = 0
configure:13820: result: yes
configure:13831: checking whether vsnprintf is declared
configure:13831: gcc -c -g -O2  conftest.c >&5
configure:13831: $? = 0
configure:13831: result: yes
configure:13842: checking whether strnlen is declared
configure:13842: gcc -c -g -O2  conftest.c >&5
configure:13842: $? = 0
configure:13842: result: yes
configure:13868: checking for library containing zlibVersion
configure:13899: gcc -o conftest.exe -g -O2  -static-libstdc++ -static-libgcc -Wl,--stack,12582912 conftest.c  >&5
/tmp/cc0HYFWu.o: In function `main':
/home/M/opt/cross/build-binutils/bfd/conftest.c:87: undefined reference to `zlibVersion'
collect2: error: ld returned 1 exit status
configure:13899: $? = 1
configure: failed program was:
| /* confdefs.h */
| #define PACKAGE_NAME "bfd"
| #define PACKAGE_TARNAME "bfd"
| #define PACKAGE_VERSION "2.25"
| #define PACKAGE_STRING "bfd 2.25"
| #define PACKAGE_BUGREPORT ""
| #define PACKAGE_URL ""
| #define PACKAGE "bfd"
| #define VERSION "2.25"
| #define STDC_HEADERS 1
| #define HAVE_SYS_TYPES_H 1
| #define HAVE_SYS_STAT_H 1
| #define HAVE_STDLIB_H 1
| #define HAVE_STRING_H 1
| #define HAVE_MEMORY_H 1
| #define HAVE_STRINGS_H 1
| #define HAVE_INTTYPES_H 1
| #define HAVE_STDINT_H 1
| #define HAVE_UNISTD_H 1
| #define __EXTENSIONS__ 1
| #define _ALL_SOURCE 1
| #define _GNU_SOURCE 1
| #define _POSIX_PTHREAD_SEMANTICS 1
| #define _TANDEM_SOURCE 1
| #define HAVE_DLFCN_H 1
| #define LT_OBJDIR ".libs/"
| #define HAVE_DLFCN_H 1
| #define HAVE_WINDOWS_H 1
| #define USE_SECUREPLT 1
| #define SIZEOF_LONG_LONG 8
| #define SIZEOF_VOID_P 4
| #define SIZEOF_LONG 4
| #define HAVE_ALLOCA_H 1
| #define HAVE_STDDEF_H 1
| #define HAVE_STRING_H 1
| #define HAVE_STRINGS_H 1
| #define HAVE_STDLIB_H 1
| #define HAVE_TIME_H 1
| #define HAVE_UNISTD_H 1
| #define HAVE_WCHAR_H 1
| #define HAVE_FCNTL_H 1
| #define HAVE_SYS_FILE_H 1
| #define HAVE_SYS_TIME_H 1
| #define HAVE_SYS_STAT_H 1
| #define HAVE_SYS_RESOURCE_H 1
| #define TIME_WITH_SYS_TIME 1
| #define HAVE_DIRENT_H 1
| #define STRING_WITH_STRINGS 1
| #define HAVE_FCNTL 1
| #define HAVE_GETPAGESIZE 1
| #define HAVE_SETITIMER 1
| #define HAVE_SYSCONF 1
| #define HAVE_FDOPEN 1
| #define HAVE_GETUID 1
| #define HAVE_GETGID 1
| #define HAVE_FILENO 1
| #define HAVE_STRTOULL 1
| #define HAVE_GETRLIMIT 1
| #define HAVE_DECL_BASENAME 1
| #define HAVE_DECL_FTELLO 1
| #define HAVE_DECL_FTELLO64 0
| #define HAVE_DECL_FSEEKO 1
| #define HAVE_DECL_FSEEKO64 0
| #define USE_BINARY_FOPEN 1
| #define HAVE_DECL_FFS 1
| #define HAVE_DECL_FREE 1
| #define HAVE_DECL_GETENV 1
| #define HAVE_DECL_MALLOC 1
| #define HAVE_DECL_REALLOC 1
| #define HAVE_DECL_STPCPY 1
| #define HAVE_DECL_STRSTR 1
| #define HAVE_DECL_SNPRINTF 1
| #define HAVE_DECL_VSNPRINTF 1
| #define HAVE_DECL_STRNLEN 1
| /* end confdefs.h.  */
| 
| /* Override any GCC internal prototype to avoid an error.
|    Use char because int might match the return type of a GCC
|    builtin and then its argument prototype would still apply.  */
| #ifdef __cplusplus
| extern "C"
| #endif
| char zlibVersion ();
| int
| main ()
| {
| return zlibVersion ();
|   ;
|   return 0;
| }
configure:13899: gcc -o conftest.exe -g -O2  -static-libstdc++ -static-libgcc -Wl,--stack,12582912 conftest.c -lz   >&5
configure:13899: $? = 0
configure:13916: result: -lz
configure:13923: checking zlib.h usability
configure:13923: gcc -c -g -O2  conftest.c >&5
configure:13923: $? = 0
configure:13923: result: yes
configure:13923: checking zlib.h presence
configure:13923: gcc -E  conftest.c
configure:13923: $? = 0
configure:13923: result: yes
configure:13923: checking for zlib.h
configure:13923: result: yes
configure:15009: checking linker --as-needed support
configure:15020: result: yes
configure:15752: checking for ftello
configure:15752: gcc -o conftest.exe -g -O2  -static-libstdc++ -static-libgcc -Wl,--stack,12582912 conftest.c -lz  >&5
configure:15752: $? = 0
configure:15752: result: yes
configure:15752: checking for ftello64
configure:15752: gcc -o conftest.exe -g -O2  -static-libstdc++ -static-libgcc -Wl,--stack,12582912 conftest.c -lz  >&5
/tmp/cchCUv3W.o: In function `main':
/home/M/opt/cross/build-binutils/bfd/conftest.c:112: undefined reference to `ftello64'
collect2: error: ld returned 1 exit status
configure:15752: $? = 1
configure: failed program was:
| /* confdefs.h */
| #define PACKAGE_NAME "bfd"
| #define PACKAGE_TARNAME "bfd"
| #define PACKAGE_VERSION "2.25"
| #define PACKAGE_STRING "bfd 2.25"
| #define PACKAGE_BUGREPORT ""
| #define PACKAGE_URL ""
| #define PACKAGE "bfd"
| #define VERSION "2.25"
| #define STDC_HEADERS 1
| #define HAVE_SYS_TYPES_H 1
| #define HAVE_SYS_STAT_H 1
| #define HAVE_STDLIB_H 1
| #define HAVE_STRING_H 1
| #define HAVE_MEMORY_H 1
| #define HAVE_STRINGS_H 1
| #define HAVE_INTTYPES_H 1
| #define HAVE_STDINT_H 1
| #define HAVE_UNISTD_H 1
| #define __EXTENSIONS__ 1
| #define _ALL_SOURCE 1
| #define _GNU_SOURCE 1
| #define _POSIX_PTHREAD_SEMANTICS 1
| #define _TANDEM_SOURCE 1
| #define HAVE_DLFCN_H 1
| #define LT_OBJDIR ".libs/"
| #define HAVE_DLFCN_H 1
| #define HAVE_WINDOWS_H 1
| #define USE_SECUREPLT 1
| #define SIZEOF_LONG_LONG 8
| #define SIZEOF_VOID_P 4
| #define SIZEOF_LONG 4
| #define HAVE_ALLOCA_H 1
| #define HAVE_STDDEF_H 1
| #define HAVE_STRING_H 1
| #define HAVE_STRINGS_H 1
| #define HAVE_STDLIB_H 1
| #define HAVE_TIME_H 1
| #define HAVE_UNISTD_H 1
| #define HAVE_WCHAR_H 1
| #define HAVE_FCNTL_H 1
| #define HAVE_SYS_FILE_H 1
| #define HAVE_SYS_TIME_H 1
| #define HAVE_SYS_STAT_H 1
| #define HAVE_SYS_RESOURCE_H 1
| #define TIME_WITH_SYS_TIME 1
| #define HAVE_DIRENT_H 1
| #define STRING_WITH_STRINGS 1
| #define HAVE_FCNTL 1
| #define HAVE_GETPAGESIZE 1
| #define HAVE_SETITIMER 1
| #define HAVE_SYSCONF 1
| #define HAVE_FDOPEN 1
| #define HAVE_GETUID 1
| #define HAVE_GETGID 1
| #define HAVE_FILENO 1
| #define HAVE_STRTOULL 1
| #define HAVE_GETRLIMIT 1
| #define HAVE_DECL_BASENAME 1
| #define HAVE_DECL_FTELLO 1
| #define HAVE_DECL_FTELLO64 0
| #define HAVE_DECL_FSEEKO 1
| #define HAVE_DECL_FSEEKO64 0
| #define USE_BINARY_FOPEN 1
| #define HAVE_DECL_FFS 1
| #define HAVE_DECL_FREE 1
| #define HAVE_DECL_GETENV 1
| #define HAVE_DECL_MALLOC 1
| #define HAVE_DECL_REALLOC 1
| #define HAVE_DECL_STPCPY 1
| #define HAVE_DECL_STRSTR 1
| #define HAVE_DECL_SNPRINTF 1
| #define HAVE_DECL_VSNPRINTF 1
| #define HAVE_DECL_STRNLEN 1
| #define HAVE_ZLIB_H 1
| #define HAVE_FTELLO 1
| /* end confdefs.h.  */
| /* Define ftello64 to an innocuous variant, in case <limits.h> declares ftello64.
|    For example, HP-UX 11i <limits.h> declares gettimeofday.  */
| #define ftello64 innocuous_ftello64
| 
| /* System header to define __stub macros and hopefully few prototypes,
|     which can conflict with char ftello64 (); below.
|     Prefer <limits.h> to <assert.h> if __STDC__ is defined, since
|     <limits.h> exists even on freestanding compilers.  */
| 
| #ifdef __STDC__
| # include <limits.h>
| #else
| # include <assert.h>
| #endif
| 
| #undef ftello64
| 
| /* Override any GCC internal prototype to avoid an error.
|    Use char because int might match the return type of a GCC
|    builtin and then its argument prototype would still apply.  */
| #ifdef __cplusplus
| extern "C"
| #endif
| char ftello64 ();
| /* The GNU C library defines this for functions which it implements
|     to always fail with ENOSYS.  Some functions are actually named
|     something starting with __ and the normal name is an alias.  */
| #if defined __stub_ftello64 || defined __stub___ftello64
| choke me
| #endif
| 
| int
| main ()
| {
| return ftello64 ();
|   ;
|   return 0;
| }
configure:15752: result: no
configure:15752: checking for fseeko
configure:15752: gcc -o conftest.exe -g -O2  -static-libstdc++ -static-libgcc -Wl,--stack,12582912 conftest.c -lz  >&5
configure:15752: $? = 0
configure:15752: result: yes
configure:15752: checking for fseeko64
configure:15752: gcc -o conftest.exe -g -O2  -static-libstdc++ -static-libgcc -Wl,--stack,12582912 conftest.c -lz  >&5
/tmp/ccVmrO4D.o: In function `main':
/home/M/opt/cross/build-binutils/bfd/conftest.c:113: undefined reference to `fseeko64'
collect2: error: ld returned 1 exit status
configure:15752: $? = 1
configure: failed program was:
| /* confdefs.h */
| #define PACKAGE_NAME "bfd"
| #define PACKAGE_TARNAME "bfd"
| #define PACKAGE_VERSION "2.25"
| #define PACKAGE_STRING "bfd 2.25"
| #define PACKAGE_BUGREPORT ""
| #define PACKAGE_URL ""
| #define PACKAGE "bfd"
| #define VERSION "2.25"
| #define STDC_HEADERS 1
| #define HAVE_SYS_TYPES_H 1
| #define HAVE_SYS_STAT_H 1
| #define HAVE_STDLIB_H 1
| #define HAVE_STRING_H 1
| #define HAVE_MEMORY_H 1
| #define HAVE_STRINGS_H 1
| #define HAVE_INTTYPES_H 1
| #define HAVE_STDINT_H 1
| #define HAVE_UNISTD_H 1
| #define __EXTENSIONS__ 1
| #define _ALL_SOURCE 1
| #define _GNU_SOURCE 1
| #define _POSIX_PTHREAD_SEMANTICS 1
| #define _TANDEM_SOURCE 1
| #define HAVE_DLFCN_H 1
| #define LT_OBJDIR ".libs/"
| #define HAVE_DLFCN_H 1
| #define HAVE_WINDOWS_H 1
| #define USE_SECUREPLT 1
| #define SIZEOF_LONG_LONG 8
| #define SIZEOF_VOID_P 4
| #define SIZEOF_LONG 4
| #define HAVE_ALLOCA_H 1
| #define HAVE_STDDEF_H 1
| #define HAVE_STRING_H 1
| #define HAVE_STRINGS_H 1
| #define HAVE_STDLIB_H 1
| #define HAVE_TIME_H 1
| #define HAVE_UNISTD_H 1
| #define HAVE_WCHAR_H 1
| #define HAVE_FCNTL_H 1
| #define HAVE_SYS_FILE_H 1
| #define HAVE_SYS_TIME_H 1
| #define HAVE_SYS_STAT_H 1
| #define HAVE_SYS_RESOURCE_H 1
| #define TIME_WITH_SYS_TIME 1
| #define HAVE_DIRENT_H 1
| #define STRING_WITH_STRINGS 1
| #define HAVE_FCNTL 1
| #define HAVE_GETPAGESIZE 1
| #define HAVE_SETITIMER 1
| #define HAVE_SYSCONF 1
| #define HAVE_FDOPEN 1
| #define HAVE_GETUID 1
| #define HAVE_GETGID 1
| #define HAVE_FILENO 1
| #define HAVE_STRTOULL 1
| #define HAVE_GETRLIMIT 1
| #define HAVE_DECL_BASENAME 1
| #define HAVE_DECL_FTELLO 1
| #define HAVE_DECL_FTELLO64 0
| #define HAVE_DECL_FSEEKO 1
| #define HAVE_DECL_FSEEKO64 0
| #define USE_BINARY_FOPEN 1
| #define HAVE_DECL_FFS 1
| #define HAVE_DECL_FREE 1
| #define HAVE_DECL_GETENV 1
| #define HAVE_DECL_MALLOC 1
| #define HAVE_DECL_REALLOC 1
| #define HAVE_DECL_STPCPY 1
| #define HAVE_DECL_STRSTR 1
| #define HAVE_DECL_SNPRINTF 1
| #define HAVE_DECL_VSNPRINTF 1
| #define HAVE_DECL_STRNLEN 1
| #define HAVE_ZLIB_H 1
| #define HAVE_FTELLO 1
| #define HAVE_FSEEKO 1
| /* end confdefs.h.  */
| /* Define fseeko64 to an innocuous variant, in case <limits.h> declares fseeko64.
|    For example, HP-UX 11i <limits.h> declares gettimeofday.  */
| #define fseeko64 innocuous_fseeko64
| 
| /* System header to define __stub macros and hopefully few prototypes,
|     which can conflict with char fseeko64 (); below.
|     Prefer <limits.h> to <assert.h> if __STDC__ is defined, since
|     <limits.h> exists even on freestanding compilers.  */
| 
| #ifdef __STDC__
| # include <limits.h>
| #else
| # include <assert.h>
| #endif
| 
| #undef fseeko64
| 
| /* Override any GCC internal prototype to avoid an error.
|    Use char because int might match the return type of a GCC
|    builtin and then its argument prototype would still apply.  */
| #ifdef __cplusplus
| extern "C"
| #endif
| char fseeko64 ();
| /* The GNU C library defines this for functions which it implements
|     to always fail with ENOSYS.  Some functions are actually named
|     something starting with __ and the normal name is an alias.  */
| #if defined __stub_fseeko64 || defined __stub___fseeko64
| choke me
| #endif
| 
| int
| main ()
| {
| return fseeko64 ();
|   ;
|   return 0;
| }
configure:15752: result: no
configure:15752: checking for fopen64
configure:15752: gcc -o conftest.exe -g -O2  -static-libstdc++ -static-libgcc -Wl,--stack,12582912 conftest.c -lz  >&5
/tmp/ccuamZPs.o: In function `main':
/home/M/opt/cross/build-binutils/bfd/conftest.c:113: undefined reference to `fopen64'
collect2: error: ld returned 1 exit status
configure:15752: $? = 1
configure: failed program was:
| /* confdefs.h */
| #define PACKAGE_NAME "bfd"
| #define PACKAGE_TARNAME "bfd"
| #define PACKAGE_VERSION "2.25"
| #define PACKAGE_STRING "bfd 2.25"
| #define PACKAGE_BUGREPORT ""
| #define PACKAGE_URL ""
| #define PACKAGE "bfd"
| #define VERSION "2.25"
| #define STDC_HEADERS 1
| #define HAVE_SYS_TYPES_H 1
| #define HAVE_SYS_STAT_H 1
| #define HAVE_STDLIB_H 1
| #define HAVE_STRING_H 1
| #define HAVE_MEMORY_H 1
| #define HAVE_STRINGS_H 1
| #define HAVE_INTTYPES_H 1
| #define HAVE_STDINT_H 1
| #define HAVE_UNISTD_H 1
| #define __EXTENSIONS__ 1
| #define _ALL_SOURCE 1
| #define _GNU_SOURCE 1
| #define _POSIX_PTHREAD_SEMANTICS 1
| #define _TANDEM_SOURCE 1
| #define HAVE_DLFCN_H 1
| #define LT_OBJDIR ".libs/"
| #define HAVE_DLFCN_H 1
| #define HAVE_WINDOWS_H 1
| #define USE_SECUREPLT 1
| #define SIZEOF_LONG_LONG 8
| #define SIZEOF_VOID_P 4
| #define SIZEOF_LONG 4
| #define HAVE_ALLOCA_H 1
| #define HAVE_STDDEF_H 1
| #define HAVE_STRING_H 1
| #define HAVE_STRINGS_H 1
| #define HAVE_STDLIB_H 1
| #define HAVE_TIME_H 1
| #define HAVE_UNISTD_H 1
| #define HAVE_WCHAR_H 1
| #define HAVE_FCNTL_H 1
| #define HAVE_SYS_FILE_H 1
| #define HAVE_SYS_TIME_H 1
| #define HAVE_SYS_STAT_H 1
| #define HAVE_SYS_RESOURCE_H 1
| #define TIME_WITH_SYS_TIME 1
| #define HAVE_DIRENT_H 1
| #define STRING_WITH_STRINGS 1
| #define HAVE_FCNTL 1
| #define HAVE_GETPAGESIZE 1
| #define HAVE_SETITIMER 1
| #define HAVE_SYSCONF 1
| #define HAVE_FDOPEN 1
| #define HAVE_GETUID 1
| #define HAVE_GETGID 1
| #define HAVE_FILENO 1
| #define HAVE_STRTOULL 1
| #define HAVE_GETRLIMIT 1
| #define HAVE_DECL_BASENAME 1
| #define HAVE_DECL_FTELLO 1
| #define HAVE_DECL_FTELLO64 0
| #define HAVE_DECL_FSEEKO 1
| #define HAVE_DECL_FSEEKO64 0
| #define USE_BINARY_FOPEN 1
| #define HAVE_DECL_FFS 1
| #define HAVE_DECL_FREE 1
| #define HAVE_DECL_GETENV 1
| #define HAVE_DECL_MALLOC 1
| #define HAVE_DECL_REALLOC 1
| #define HAVE_DECL_STPCPY 1
| #define HAVE_DECL_STRSTR 1
| #define HAVE_DECL_SNPRINTF 1
| #define HAVE_DECL_VSNPRINTF 1
| #define HAVE_DECL_STRNLEN 1
| #define HAVE_ZLIB_H 1
| #define HAVE_FTELLO 1
| #define HAVE_FSEEKO 1
| /* end confdefs.h.  */
| /* Define fopen64 to an innocuous variant, in case <limits.h> declares fopen64.
|    For example, HP-UX 11i <limits.h> declares gettimeofday.  */
| #define fopen64 innocuous_fopen64
| 
| /* System header to define __stub macros and hopefully few prototypes,
|     which can conflict with char fopen64 (); below.
|     Prefer <limits.h> to <assert.h> if __STDC__ is defined, since
|     <limits.h> exists even on freestanding compilers.  */
| 
| #ifdef __STDC__
| # include <limits.h>
| #else
| # include <assert.h>
| #endif
| 
| #undef fopen64
| 
| /* Override any GCC internal prototype to avoid an error.
|    Use char because int might match the return type of a GCC
|    builtin and then its argument prototype would still apply.  */
| #ifdef __cplusplus
| extern "C"
| #endif
| char fopen64 ();
| /* The GNU C library defines this for functions which it implements
|     to always fail with ENOSYS.  Some functions are actually named
|     something starting with __ and the normal name is an alias.  */
| #if defined __stub_fopen64 || defined __stub___fopen64
| choke me
| #endif
| 
| int
| main ()
| {
| return fopen64 ();
|   ;
|   return 0;
| }
configure:15752: result: no
configure:15767: checking size of off_t
configure:15772: gcc -o conftest.exe -g -O2  -static-libstdc++ -static-libgcc -Wl,--stack,12582912 conftest.c -lz  >&5
configure:15772: $? = 0
configure:15772: ./conftest.exe
configure:15772: $? = 0
configure:15787: result: 8
configure:15798: checking file_ptr type
configure:15807: result: BFD_HOST_64_BIT
configure:15824: checking for stdlib.h
configure:15824: result: yes
configure:15824: checking for unistd.h
configure:15824: result: yes
configure:15837: checking for getpagesize
configure:15837: result: yes
configure:15846: checking for working mmap
configure:15983: gcc -o conftest.exe -g -O2  -static-libstdc++ -static-libgcc -Wl,--stack,12582912 conftest.c -lz  >&5
configure:15983: $? = 0
configure:15983: ./conftest.exe
configure:15983: $? = 1
configure: program exited with status 1
configure: failed program was:
| /* confdefs.h */
| #define PACKAGE_NAME "bfd"
| #define PACKAGE_TARNAME "bfd"
| #define PACKAGE_VERSION "2.25"
| #define PACKAGE_STRING "bfd 2.25"
| #define PACKAGE_BUGREPORT ""
| #define PACKAGE_URL ""
| #define PACKAGE "bfd"
| #define VERSION "2.25"
| #define STDC_HEADERS 1
| #define HAVE_SYS_TYPES_H 1
| #define HAVE_SYS_STAT_H 1
| #define HAVE_STDLIB_H 1
| #define HAVE_STRING_H 1
| #define HAVE_MEMORY_H 1
| #define HAVE_STRINGS_H 1
| #define HAVE_INTTYPES_H 1
| #define HAVE_STDINT_H 1
| #define HAVE_UNISTD_H 1
| #define __EXTENSIONS__ 1
| #define _ALL_SOURCE 1
| #define _GNU_SOURCE 1
| #define _POSIX_PTHREAD_SEMANTICS 1
| #define _TANDEM_SOURCE 1
| #define HAVE_DLFCN_H 1
| #define LT_OBJDIR ".libs/"
| #define HAVE_DLFCN_H 1
| #define HAVE_WINDOWS_H 1
| #define USE_SECUREPLT 1
| #define SIZEOF_LONG_LONG 8
| #define SIZEOF_VOID_P 4
| #define SIZEOF_LONG 4
| #define HAVE_ALLOCA_H 1
| #define HAVE_STDDEF_H 1
| #define HAVE_STRING_H 1
| #define HAVE_STRINGS_H 1
| #define HAVE_STDLIB_H 1
| #define HAVE_TIME_H 1
| #define HAVE_UNISTD_H 1
| #define HAVE_WCHAR_H 1
| #define HAVE_FCNTL_H 1
| #define HAVE_SYS_FILE_H 1
| #define HAVE_SYS_TIME_H 1
| #define HAVE_SYS_STAT_H 1
| #define HAVE_SYS_RESOURCE_H 1
| #define TIME_WITH_SYS_TIME 1
| #define HAVE_DIRENT_H 1
| #define STRING_WITH_STRINGS 1
| #define HAVE_FCNTL 1
| #define HAVE_GETPAGESIZE 1
| #define HAVE_SETITIMER 1
| #define HAVE_SYSCONF 1
| #define HAVE_FDOPEN 1
| #define HAVE_GETUID 1
| #define HAVE_GETGID 1
| #define HAVE_FILENO 1
| #define HAVE_STRTOULL 1
| #define HAVE_GETRLIMIT 1
| #define HAVE_DECL_BASENAME 1
| #define HAVE_DECL_FTELLO 1
| #define HAVE_DECL_FTELLO64 0
| #define HAVE_DECL_FSEEKO 1
| #define HAVE_DECL_FSEEKO64 0
| #define USE_BINARY_FOPEN 1
| #define HAVE_DECL_FFS 1
| #define HAVE_DECL_FREE 1
| #define HAVE_DECL_GETENV 1
| #define HAVE_DECL_MALLOC 1
| #define HAVE_DECL_REALLOC 1
| #define HAVE_DECL_STPCPY 1
| #define HAVE_DECL_STRSTR 1
| #define HAVE_DECL_SNPRINTF 1
| #define HAVE_DECL_VSNPRINTF 1
| #define HAVE_DECL_STRNLEN 1
| #define HAVE_ZLIB_H 1
| #define HAVE_FTELLO 1
| #define HAVE_FSEEKO 1
| #define SIZEOF_OFF_T 8
| #define HAVE_STDLIB_H 1
| #define HAVE_UNISTD_H 1
| #define HAVE_GETPAGESIZE 1
| /* end confdefs.h.  */
| #include <stdio.h>
| #ifdef HAVE_SYS_TYPES_H
| # include <sys/types.h>
| #endif
| #ifdef HAVE_SYS_STAT_H
| # include <sys/stat.h>
| #endif
| #ifdef STDC_HEADERS
| # include <stdlib.h>
| # include <stddef.h>
| #else
| # ifdef HAVE_STDLIB_H
| #  include <stdlib.h>
| # endif
| #endif
| #ifdef HAVE_STRING_H
| # if !defined STDC_HEADERS && defined HAVE_MEMORY_H
| #  include <memory.h>
| # endif
| # include <string.h>
| #endif
| #ifdef HAVE_STRINGS_H
| # include <strings.h>
| #endif
| #ifdef HAVE_INTTYPES_H
| # include <inttypes.h>
| #endif
| #ifdef HAVE_STDINT_H
| # include <stdint.h>
| #endif
| #ifdef HAVE_UNISTD_H
| # include <unistd.h>
| #endif
| /* malloc might have been renamed as rpl_malloc. */
| #undef malloc
| 
| /* Thanks to Mike Haertel and Jim Avera for this test.
|    Here is a matrix of mmap possibilities:
| 	mmap private not fixed
| 	mmap private fixed at somewhere currently unmapped
| 	mmap private fixed at somewhere already mapped
| 	mmap shared not fixed
| 	mmap shared fixed at somewhere currently unmapped
| 	mmap shared fixed at somewhere already mapped
|    For private mappings, we should verify that changes cannot be read()
|    back from the file, nor mmap's back from the file at a different
|    address.  (There have been systems where private was not correctly
|    implemented like the infamous i386 svr4.0, and systems where the
|    VM page cache was not coherent with the file system buffer cache
|    like early versions of FreeBSD and possibly contemporary NetBSD.)
|    For shared mappings, we should conversely verify that changes get
|    propagated back to all the places they're supposed to be.
| 
|    Grep wants private fixed already mapped.
|    The main things grep needs to know about mmap are:
|    * does it exist and is it safe to write into the mmap'd area
|    * how to use it (BSD variants)  */
| 
| #include <fcntl.h>
| #include <sys/mman.h>
| 
| #if !defined STDC_HEADERS && !defined HAVE_STDLIB_H
| char *malloc ();
| #endif
| 
| /* This mess was copied from the GNU getpagesize.h.  */
| #ifndef HAVE_GETPAGESIZE
| /* Assume that all systems that can run configure have sys/param.h.  */
| # ifndef HAVE_SYS_PARAM_H
| #  define HAVE_SYS_PARAM_H 1
| # endif
| 
| # ifdef _SC_PAGESIZE
| #  define getpagesize() sysconf(_SC_PAGESIZE)
| # else /* no _SC_PAGESIZE */
| #  ifdef HAVE_SYS_PARAM_H
| #   include <sys/param.h>
| #   ifdef EXEC_PAGESIZE
| #    define getpagesize() EXEC_PAGESIZE
| #   else /* no EXEC_PAGESIZE */
| #    ifdef NBPG
| #     define getpagesize() NBPG * CLSIZE
| #     ifndef CLSIZE
| #      define CLSIZE 1
| #     endif /* no CLSIZE */
| #    else /* no NBPG */
| #     ifdef NBPC
| #      define getpagesize() NBPC
| #     else /* no NBPC */
| #      ifdef PAGESIZE
| #       define getpagesize() PAGESIZE
| #      endif /* PAGESIZE */
| #     endif /* no NBPC */
| #    endif /* no NBPG */
| #   endif /* no EXEC_PAGESIZE */
| #  else /* no HAVE_SYS_PARAM_H */
| #   define getpagesize() 8192	/* punt totally */
| #  endif /* no HAVE_SYS_PARAM_H */
| # endif /* no _SC_PAGESIZE */
| 
| #endif /* no HAVE_GETPAGESIZE */
| 
| int
| main ()
| {
|   char *data, *data2, *data3;
|   int i, pagesize;
|   int fd;
| 
|   pagesize = getpagesize ();
| 
|   /* First, make a file with some known garbage in it. */
|   data = (char *) malloc (pagesize);
|   if (!data)
|     return 1;
|   for (i = 0; i < pagesize; ++i)
|     *(data + i) = rand ();
|   umask (0);
|   fd = creat ("conftest.mmap", 0600);
|   if (fd < 0)
|     return 1;
|   if (write (fd, data, pagesize) != pagesize)
|     return 1;
|   close (fd);
| 
|   /* Next, try to mmap the file at a fixed address which already has
|      something else allocated at it.  If we can, also make sure that
|      we see the same garbage.  */
|   fd = open ("conftest.mmap", O_RDWR);
|   if (fd < 0)
|     return 1;
|   data2 = (char *) malloc (2 * pagesize);
|   if (!data2)
|     return 1;
|   data2 += (pagesize - ((long int) data2 & (pagesize - 1))) & (pagesize - 1);
|   if (data2 != mmap (data2, pagesize, PROT_READ | PROT_WRITE,
| 		     MAP_PRIVATE | MAP_FIXED, fd, 0L))
|     return 1;
|   for (i = 0; i < pagesize; ++i)
|     if (*(data + i) != *(data2 + i))
|       return 1;
| 
|   /* Finally, make sure that changes to the mapped area do not
|      percolate back to the file as seen by read().  (This is a bug on
|      some variants of i386 svr4.0.)  */
|   for (i = 0; i < pagesize; ++i)
|     *(data2 + i) = *(data2 + i) + 1;
|   data3 = (char *) malloc (pagesize);
|   if (!data3)
|     return 1;
|   if (read (fd, data3, pagesize) != pagesize)
|     return 1;
|   for (i = 0; i < pagesize; ++i)
|     if (*(data + i) != *(data3 + i))
|       return 1;
|   close (fd);
|   return 0;
| }
configure:15993: result: no
configure:16005: checking for madvise
configure:16005: gcc -o conftest.exe -g -O2  -static-libstdc++ -static-libgcc -Wl,--stack,12582912 conftest.c -lz  >&5
configure:16005: $? = 0
configure:16005: result: yes
configure:16005: checking for mprotect
configure:16005: gcc -o conftest.exe -g -O2  -static-libstdc++ -static-libgcc -Wl,--stack,12582912 conftest.c -lz  >&5
configure:16005: $? = 0
configure:16005: result: yes
configure:16098: updating cache ./config.cache
configure:16167: creating ./config.status

## ---------------------- ##
## Running config.status. ##
## ---------------------- ##

This file was extended by bfd config.status 2.25, which was
generated by GNU Autoconf 2.64.  Invocation command line was

  CONFIG_FILES    = 
  CONFIG_HEADERS  = 
  CONFIG_LINKS    = 
  CONFIG_COMMANDS = 
  $ ./config.status 

on ofosu-family

config.status:1235: creating Makefile
config.status:1235: creating doc/Makefile
config.status:1235: creating bfd-in3.h
config.status:1235: creating po/Makefile.in
config.status:1235: creating config.h
config.status:1448: executing depfiles commands
config.status:1448: executing libtool commands
config.status:1448: executing default-1 commands
config.status:1448: executing bfd_stdint.h commands
config.status:1448: executing default commands

## ---------------- ##
## Cache variables. ##
## ---------------- ##

ac_cv_build=i686-pc-cygwin
ac_cv_c_compiler_gnu=yes
ac_cv_env_CC_set=set
ac_cv_env_CC_value=gcc
ac_cv_env_CFLAGS_set=set
ac_cv_env_CFLAGS_value='-g -O2'
ac_cv_env_CPPFLAGS_set=
ac_cv_env_CPPFLAGS_value=
ac_cv_env_CPP_set=
ac_cv_env_CPP_value=
ac_cv_env_LDFLAGS_set=set
ac_cv_env_LDFLAGS_value='-static-libstdc++ -static-libgcc -Wl,--stack,12582912'
ac_cv_env_LIBS_set=
ac_cv_env_LIBS_value=
ac_cv_env_build_alias_set=set
ac_cv_env_build_alias_value=i686-pc-cygwin
ac_cv_env_host_alias_set=set
ac_cv_env_host_alias_value=i686-pc-cygwin
ac_cv_env_target_alias_set=set
ac_cv_env_target_alias_value=i686-elf
ac_cv_exeext=.exe
ac_cv_func_fcntl=yes
ac_cv_func_fdopen=yes
ac_cv_func_fileno=yes
ac_cv_func_fopen64=no
ac_cv_func_fseeko64=no
ac_cv_func_fseeko=yes
ac_cv_func_ftello64=no
ac_cv_func_ftello=yes
ac_cv_func_getgid=yes
ac_cv_func_getpagesize=yes
ac_cv_func_getrlimit=yes
ac_cv_func_getuid=yes
ac_cv_func_madvise=yes
ac_cv_func_mmap_fixed_mapped=no
ac_cv_func_mprotect=yes
ac_cv_func_setitimer=yes
ac_cv_func_strtoull=yes
ac_cv_func_sysconf=yes
ac_cv_have_decl_basename=yes
ac_cv_have_decl_ffs=yes
ac_cv_have_decl_free=yes
ac_cv_have_decl_fseeko64=no
ac_cv_have_decl_fseeko=yes
ac_cv_have_decl_ftello64=no
ac_cv_have_decl_ftello=yes
ac_cv_have_decl_getenv=yes
ac_cv_have_decl_malloc=yes
ac_cv_have_decl_realloc=yes
ac_cv_have_decl_snprintf=yes
ac_cv_have_decl_stpcpy=yes
ac_cv_have_decl_strnlen=yes
ac_cv_have_decl_strstr=yes
ac_cv_have_decl_vsnprintf=yes
ac_cv_header_alloca_h=yes
ac_cv_header_dirent_dirent_h=yes
ac_cv_header_dlfcn_h=yes
ac_cv_header_fcntl_h=yes
ac_cv_header_inttypes_h=yes
ac_cv_header_memory_h=yes
ac_cv_header_minix_config_h=no
ac_cv_header_stdc=yes
ac_cv_header_stddef_h=yes
ac_cv_header_stdint_h=yes
ac_cv_header_stdlib_h=yes
ac_cv_header_string_h=yes
ac_cv_header_strings_h=yes
ac_cv_header_sys_file_h=yes
ac_cv_header_sys_resource_h=yes
ac_cv_header_sys_stat_h=yes
ac_cv_header_sys_time_h=yes
ac_cv_header_sys_types_h=yes
ac_cv_header_time=yes
ac_cv_header_time_h=yes
ac_cv_header_unistd_h=yes
ac_cv_header_wchar_h=yes
ac_cv_header_windows_h=yes
ac_cv_header_zlib_h=yes
ac_cv_host=i686-pc-cygwin
ac_cv_objext=o
ac_cv_path_EGREP='/usr/bin/grep -E'
ac_cv_path_FGREP='/usr/bin/grep -F'
ac_cv_path_GMSGFMT=:
ac_cv_path_GREP=/usr/bin/grep
ac_cv_path_MSGFMT=:
ac_cv_path_MSGMERGE=:
ac_cv_path_SED=/usr/bin/sed
ac_cv_path_XGETTEXT=:
ac_cv_path_mkdir=/usr/bin/mkdir
ac_cv_prog_AR=ar
ac_cv_prog_AWK=gawk
ac_cv_prog_CC=gcc
ac_cv_prog_CPP='gcc -E'
ac_cv_prog_OBJDUMP=objdump
ac_cv_prog_RANLIB=ranlib
ac_cv_prog_ac_ct_STRIP=strip
ac_cv_prog_cc_c89=
ac_cv_prog_cc_g=yes
ac_cv_prog_make_make_set=yes
ac_cv_safe_to_define___extensions__=yes
ac_cv_search_dlopen='none required'
ac_cv_search_opendir='none required'
ac_cv_search_strerror='none required'
ac_cv_search_zlibVersion=-lz
ac_cv_sizeof_long=4
ac_cv_sizeof_long_long=8
ac_cv_sizeof_off_t=8
ac_cv_sizeof_void_p=4
ac_cv_sys_file_offset_bits=no
ac_cv_sys_largefile_CC=no
ac_cv_target=i686-pc-elf
ac_cv_type_int_fast32_t=yes
ac_cv_type_int_least32_t=yes
ac_cv_type_u_int64_t=no
ac_cv_type_uint64_t=yes
ac_cv_type_uintmax_t=yes
ac_cv_type_uintptr_t=yes
acx_cv_header_stdint=stdint.h
acx_cv_header_stdint_kind='(already complete)'
am_cv_CC_dependencies_compiler_type=gcc3
bfd_cv_ld_as_needed=yes
gcc_cv_header_string=yes
lt_cv_deplibs_check_method='file_magic ^x86 archive import|^x86 DLL'
lt_cv_dlopen=dlopen
lt_cv_dlopen_libs=
lt_cv_dlopen_self=yes
lt_cv_dlopen_self_static=yes
lt_cv_file_magic_cmd=func_win32_libid
lt_cv_file_magic_test_file=
lt_cv_ld_reload_flag=-r
lt_cv_nm_interface='BSD nm'
lt_cv_objdir=.libs
lt_cv_path_LD=/usr/lib/gcc/i686-pc-cygwin/4.9.3/../../../../i686-pc-cygwin/bin/ld.exe
lt_cv_path_NM=nm
lt_cv_prog_compiler_c_o=yes
lt_cv_prog_compiler_pic_works=yes
lt_cv_prog_compiler_rtti_exceptions=no
lt_cv_prog_compiler_static_works=yes
lt_cv_prog_gnu_ld=yes
lt_cv_sys_global_symbol_pipe='sed -n -e '\''s/^.*[	 ]\([ABCDGIRSTW][ABCDGIRSTW]*\)[	 ][	 ]*_\([_A-Za-z][_A-Za-z0-9]*\)$/\1 _\2 \2/p'\'''
lt_cv_sys_global_symbol_to_c_name_address='sed -n -e '\''s/^: \([^ ]*\) $/  {\"\1\", (void *) 0},/p'\'' -e '\''s/^[ABCDGIRSTW]* \([^ ]*\) \([^ ]*\)$/  {"\2", (void *) \&\2},/p'\'''
lt_cv_sys_global_symbol_to_c_name_address_lib_prefix='sed -n -e '\''s/^: \([^ ]*\) $/  {\"\1\", (void *) 0},/p'\'' -e '\''s/^[ABCDGIRSTW]* \([^ ]*\) \(lib[^ ]*\)$/  {"\2", (void *) \&\2},/p'\'' -e '\''s/^[ABCDGIRSTW]* \([^ ]*\) \([^ ]*\)$/  {"lib\2", (void *) \&\2},/p'\'''
lt_cv_sys_global_symbol_to_cdecl='sed -n -e '\''s/^T .* \(.*\)$/extern int \1();/p'\'' -e '\''s/^[ABCDGIRSTW]* .* \(.*\)$/extern char \1;/p'\'''
lt_cv_sys_max_cmd_len=8192

## ----------------- ##
## Output variables. ##
## ----------------- ##

ACLOCAL='${SHELL} /home/M/binutils-2.25/missing --run aclocal-1.11'
AMDEPBACKSLASH='\'
AMDEP_FALSE='#'
AMDEP_TRUE=''
AMTAR='${SHELL} /home/M/binutils-2.25/missing --run tar'
AR='ar'
AUTOCONF='${SHELL} /home/M/binutils-2.25/missing --run autoconf'
AUTOHEADER='${SHELL} /home/M/binutils-2.25/missing --run autoheader'
AUTOMAKE='${SHELL} /home/M/binutils-2.25/missing --run automake-1.11'
AWK='gawk'
BFD_HOSTPTR_T='unsigned long'
BFD_HOST_64BIT_LONG='0'
BFD_HOST_64BIT_LONG_LONG='1'
BFD_HOST_64_BIT='long long'
BFD_HOST_64_BIT_DEFINED='1'
BFD_HOST_U_64_BIT='unsigned long long'
CATALOGS=''
CATOBJEXT=''
CC='gcc'
CCDEPMODE='depmode=gcc3'
CC_FOR_BUILD='gcc'
CFLAGS='-g -O2'
COREFILE=''
COREFLAG=''
CPP='gcc -E'
CPPFLAGS=''
CYGPATH_W='cygpath -w'
DATADIRNAME=''
DEBUGDIR='${exec_prefix}/lib/debug'
DEFS='-DHAVE_CONFIG_H'
DEPDIR='.deps'
DSYMUTIL=''
DUMPBIN=''
ECHO_C=''
ECHO_N='-n'
ECHO_T=''
EGREP='/usr/bin/grep -E'
EXEEXT='.exe'
EXEEXT_FOR_BUILD='$(EXEEXT)'
FGREP='/usr/bin/grep -F'
GENCAT=''
GENINSRC_NEVER_FALSE=''
GENINSRC_NEVER_TRUE='#'
GMSGFMT=':'
GREP='/usr/bin/grep'
HDEFINES=''
INCINTL=''
INSTALL_DATA='/usr/bin/install -c -m 644'
INSTALL_LIBBFD_FALSE=''
INSTALL_LIBBFD_TRUE='#'
INSTALL_PROGRAM='/usr/bin/install -c'
INSTALL_SCRIPT='/usr/bin/install -c'
INSTALL_STRIP_PROGRAM='$(install_sh) -c -s'
INSTOBJEXT=''
LD='/usr/lib/gcc/i686-pc-cygwin/4.9.3/../../../../i686-pc-cygwin/bin/ld.exe'
LDFLAGS='-static-libstdc++ -static-libgcc -Wl,--stack,12582912'
LIBINTL=''
LIBINTL_DEP=''
LIBM=''
LIBOBJS=''
LIBS='-lz '
LIBTOOL='$(SHELL) $(top_builddir)/libtool'
LIPO=''
LN_S='ln -s'
LTLIBOBJS=''
MAINT='#'
MAINTAINER_MODE_FALSE=''
MAINTAINER_MODE_TRUE='#'
MAKEINFO='makeinfo --split-size=5000000'
MKDIR_P='/usr/bin/mkdir -p'
MKINSTALLDIRS='$(top_builddir)/../../../../binutils-2.25/bfd/../mkinstalldirs'
MSGFMT=':'
MSGMERGE=':'
NM='nm'
NMEDIT=''
NO_WERROR=''
OBJDUMP='objdump'
OBJEXT='o'
OTOOL64=''
OTOOL=''
PACKAGE='bfd'
PACKAGE_BUGREPORT=''
PACKAGE_NAME='bfd'
PACKAGE_STRING='bfd 2.25'
PACKAGE_TARNAME='bfd'
PACKAGE_URL=''
PACKAGE_VERSION='2.25'
PATH_SEPARATOR=':'
PKGVERSION='(GNU Binutils) '
PLUGINS_FALSE='#'
PLUGINS_TRUE=''
POSUB=''
RANLIB='ranlib'
REPORT_BUGS_TEXI='@uref{http://www.sourceware.org/bugzilla/}'
REPORT_BUGS_TO='<http://www.sourceware.org/bugzilla/>'
SED='/usr/bin/sed'
SET_MAKE=''
SHARED_LDFLAGS=''
SHARED_LIBADD=''
SHELL='/bin/sh'
STRIP='strip'
TDEFINES='  '
USE_NLS='no'
VERSION='2.25'
WARN_CFLAGS='-W -Wall -Wstrict-prototypes -Wmissing-prototypes -Wshadow'
XGETTEXT=':'
ac_ct_CC=''
ac_ct_DUMPBIN=''
all_backends='$(BFD32_BACKENDS)'
am__EXEEXT_FALSE='#'
am__EXEEXT_TRUE=''
am__fastdepCC_FALSE='#'
am__fastdepCC_TRUE=''
am__include='include'
am__isrc=' -I$(srcdir)'
am__leading_dot='.'
am__quote=''
am__tar='${AMTAR} chof - "$$tardir"'
am__untar='${AMTAR} xf -'
bfd64_libs=''
bfd_backends=' elf32-i386.lo elf-ifunc.lo elf-nacl.lo elf-vxworks.lo elf32.lo elf.lo elflink.lo elf-attrs.lo elf-strtab.lo elf-eh-frame.lo dwarf1.lo coff-i386.lo cofflink.lo elf32-gen.lo plugin.lo'
bfd_default_target_size='32'
bfd_file_ptr='BFD_HOST_64_BIT'
bfd_machines=' cpu-i386.lo cpu-plugin.lo'
bfd_ufile_ptr='BFD_HOST_U_64_BIT'
bfdincludedir='$(exec_prefix)/$(host_noncanonical)/$(target_noncanonical)/include'
bfdlibdir='$(exec_prefix)/$(host_noncanonical)/$(target_noncanonical)/lib'
bindir='${exec_prefix}/bin'
build='i686-pc-cygwin'
build_alias='i686-pc-cygwin'
build_cpu='i686'
build_os='cygwin'
build_vendor='pc'
datadir='${datarootdir}'
datarootdir='${prefix}/share'
docdir='${datarootdir}/doc/${PACKAGE_TARNAME}'
dvidir='${docdir}'
exec_prefix='${prefix}'
havevecs='-DHAVE_i386_elf32_vec -DHAVE_i386_coff_vec -DHAVE_elf32_le_vec -DHAVE_elf32_be_vec -DHAVE_plugin_vec'
host='i686-pc-cygwin'
host_alias='i686-pc-cygwin'
host_cpu='i686'
host_noncanonical='i686-pc-cygwin'
host_os='cygwin'
host_vendor='pc'
htmldir='${docdir}'
includedir='${prefix}/include'
infodir='${datarootdir}/info'
install_sh='${SHELL} /home/M/binutils-2.25/install-sh'
libdir='${exec_prefix}/lib'
libexecdir='${exec_prefix}/libexec'
localedir='${datarootdir}/locale'
localstatedir='${prefix}/var'
lt_cv_dlopen_libs=''
mandir='${datarootdir}/man'
mkdir_p='/usr/bin/mkdir -p'
oldincludedir='/usr/include'
pdfdir='${docdir}'
prefix='/home/M/opt/cross'
program_transform_name='s&^&i686-elf-&'
psdir='${docdir}'
sbindir='${exec_prefix}/sbin'
sharedstatedir='${prefix}/com'
supports_plugins='1'
sysconfdir='${prefix}/etc'
target='i686-pc-elf'
target_alias='i686-elf'
target_cpu='i686'
target_noncanonical='i686-elf'
target_os='elf'
target_vendor='pc'
tdefaults=' -DDEFAULT_VECTOR=i386_elf32_vec -DSELECT_VECS='\''&i386_elf32_vec,&i386_coff_vec,&elf32_le_vec,&elf32_be_vec,&plugin_vec'\'' -DSELECT_ARCHITECTURES='\''&bfd_i386_arch,&bfd_plugin_arch'\'''
wordsize='32'

## ----------- ##
## confdefs.h. ##
## ----------- ##

/* confdefs.h */
#define PACKAGE_NAME "bfd"
#define PACKAGE_TARNAME "bfd"
#define PACKAGE_VERSION "2.25"
#define PACKAGE_STRING "bfd 2.25"
#define PACKAGE_BUGREPORT ""
#define PACKAGE_URL ""
#define PACKAGE "bfd"
#define VERSION "2.25"
#define STDC_HEADERS 1
#define HAVE_SYS_TYPES_H 1
#define HAVE_SYS_STAT_H 1
#define HAVE_STDLIB_H 1
#define HAVE_STRING_H 1
#define HAVE_MEMORY_H 1
#define HAVE_STRINGS_H 1
#define HAVE_INTTYPES_H 1
#define HAVE_STDINT_H 1
#define HAVE_UNISTD_H 1
#define __EXTENSIONS__ 1
#define _ALL_SOURCE 1
#define _GNU_SOURCE 1
#define _POSIX_PTHREAD_SEMANTICS 1
#define _TANDEM_SOURCE 1
#define HAVE_DLFCN_H 1
#define LT_OBJDIR ".libs/"
#define HAVE_DLFCN_H 1
#define HAVE_WINDOWS_H 1
#define USE_SECUREPLT 1
#define SIZEOF_LONG_LONG 8
#define SIZEOF_VOID_P 4
#define SIZEOF_LONG 4
#define HAVE_ALLOCA_H 1
#define HAVE_STDDEF_H 1
#define HAVE_STRING_H 1
#define HAVE_STRINGS_H 1
#define HAVE_STDLIB_H 1
#define HAVE_TIME_H 1
#define HAVE_UNISTD_H 1
#define HAVE_WCHAR_H 1
#define HAVE_FCNTL_H 1
#define HAVE_SYS_FILE_H 1
#define HAVE_SYS_TIME_H 1
#define HAVE_SYS_STAT_H 1
#define HAVE_SYS_RESOURCE_H 1
#define TIME_WITH_SYS_TIME 1
#define HAVE_DIRENT_H 1
#define STRING_WITH_STRINGS 1
#define HAVE_FCNTL 1
#define HAVE_GETPAGESIZE 1
#define HAVE_SETITIMER 1
#define HAVE_SYSCONF 1
#define HAVE_FDOPEN 1
#define HAVE_GETUID 1
#define HAVE_GETGID 1
#define HAVE_FILENO 1
#define HAVE_STRTOULL 1
#define HAVE_GETRLIMIT 1
#define HAVE_DECL_BASENAME 1
#define HAVE_DECL_FTELLO 1
#define HAVE_DECL_FTELLO64 0
#define HAVE_DECL_FSEEKO 1
#define HAVE_DECL_FSEEKO64 0
#define USE_BINARY_FOPEN 1
#define HAVE_DECL_FFS 1
#define HAVE_DECL_FREE 1
#define HAVE_DECL_GETENV 1
#define HAVE_DECL_MALLOC 1
#define HAVE_DECL_REALLOC 1
#define HAVE_DECL_STPCPY 1
#define HAVE_DECL_STRSTR 1
#define HAVE_DECL_SNPRINTF 1
#define HAVE_DECL_VSNPRINTF 1
#define HAVE_DECL_STRNLEN 1
#define HAVE_ZLIB_H 1
#define HAVE_FTELLO 1
#define HAVE_FSEEKO 1
#define SIZEOF_OFF_T 8
#define HAVE_STDLIB_H 1
#define HAVE_UNISTD_H 1
#define HAVE_GETPAGESIZE 1
#define HAVE_MADVISE 1
#define HAVE_MPROTECT 1

configure: exit 0

## ---------------------- ##
## Running config.status. ##
## ---------------------- ##

This file was extended by bfd config.status 2.25, which was
generated by GNU Autoconf 2.64.  Invocation command line was

  CONFIG_FILES    = po/Makefile.in:po/Make-in
  CONFIG_HEADERS  = 
  CONFIG_LINKS    = 
  CONFIG_COMMANDS = 
  $ ./config.status 

on ofosu-family

config.status:1235: creating po/Makefile.in
config.status:1448: executing depfiles commands
config.status:1448: executing libtool commands
config.status:1448: executing default-1 commands
config.status:1448: executing bfd_stdint.h commands
config.status:1448: executing default commands
